<?xml version="1.0" encoding="utf-8"?>
<CoverageSession xmlns:xsd="http://www.w3.org/2001/XMLSchema" xmlns:xsi="http://www.w3.org/2001/XMLSchema-instance" Version="4.7.922.0">
  <Summary numSequencePoints="763" visitedSequencePoints="0" numBranchPoints="59" visitedBranchPoints="0" sequenceCoverage="0" branchCoverage="0" maxCyclomaticComplexity="3" minCyclomaticComplexity="1" maxCrapScore="12" minCrapScore="2" visitedClasses="0" numClasses="5" visitedMethods="0" numMethods="35" />
  <Modules>
    <Module hash="1D-AA-CD-05-78-4E-3E-A2-E8-E2-CD-4A-B4-2C-D3-C0-1E-FA-DC-FE">
      <Summary numSequencePoints="763" visitedSequencePoints="0" numBranchPoints="59" visitedBranchPoints="0" sequenceCoverage="0" branchCoverage="0" maxCyclomaticComplexity="3" minCyclomaticComplexity="1" maxCrapScore="12" minCrapScore="2" visitedClasses="0" numClasses="5" visitedMethods="0" numMethods="35" />
      <ModulePath>C:\Users\odair\OneDrive\Área de Trabalho\academia2021\e-AgendaFormss\eAgenda.Forms\bin\Debug\fine-code-coverage\build-output\eAgenda.Forms.exe</ModulePath>
      <ModuleTime>2021-07-14T15:13:35.0870744Z</ModuleTime>
      <ModuleName>eAgenda.Forms</ModuleName>
      <Files>
        <File uid="1" fullPath="C:\Users\odair\OneDrive\Área de Trabalho\academia2021\e-AgendaFormss\eAgenda.Forms\Program.cs" />
        <File uid="2" fullPath="C:\Users\odair\OneDrive\Área de Trabalho\academia2021\e-AgendaFormss\eAgenda.Forms\TarefaModule\TelaAdicionarTarefa.cs" />
        <File uid="3" fullPath="C:\Users\odair\OneDrive\Área de Trabalho\academia2021\e-AgendaFormss\eAgenda.Forms\TarefaModule\TelaAdicionarTarefa.Designer.cs" />
        <File uid="4" fullPath="C:\Users\odair\OneDrive\Área de Trabalho\academia2021\e-AgendaFormss\eAgenda.Forms\Shared\TelaPrincipal.Designer.cs" />
        <File uid="5" fullPath="C:\Users\odair\OneDrive\Área de Trabalho\academia2021\e-AgendaFormss\eAgenda.Forms\Shared\TelaPrincipal.cs" />
        <File uid="6" fullPath="C:\Users\odair\OneDrive\Área de Trabalho\academia2021\e-AgendaFormss\eAgenda.Forms\ContatoModule\TelaAdicionarContato.cs" />
        <File uid="7" fullPath="C:\Users\odair\OneDrive\Área de Trabalho\academia2021\e-AgendaFormss\eAgenda.Forms\ContatoModule\TelaAdicionarContato.Designer.cs" />
        <File uid="8" fullPath="C:\Users\odair\OneDrive\Área de Trabalho\academia2021\e-AgendaFormss\eAgenda.Forms\CompromissoModule\TelaAdicionarCompromisso.cs" />
        <File uid="9" fullPath="C:\Users\odair\OneDrive\Área de Trabalho\academia2021\e-AgendaFormss\eAgenda.Forms\CompromissoModule\TelaAdicionarCompromisso.Designer.cs" />
      </Files>
      <Classes>
        <Class>
          <Summary numSequencePoints="5" visitedSequencePoints="0" numBranchPoints="1" visitedBranchPoints="0" sequenceCoverage="0" branchCoverage="0" maxCyclomaticComplexity="1" minCyclomaticComplexity="1" maxCrapScore="2" minCrapScore="2" visitedClasses="0" numClasses="1" visitedMethods="0" numMethods="1" />
          <FullName>eAgenda.Forms.Program</FullName>
          <Methods>
            <Method visited="false" cyclomaticComplexity="1" nPathComplexity="0" sequenceCoverage="0" branchCoverage="0" crapScore="2" isConstructor="false" isStatic="true" isGetter="false" isSetter="false">
              <Summary numSequencePoints="5" visitedSequencePoints="0" numBranchPoints="1" visitedBranchPoints="0" sequenceCoverage="0" branchCoverage="0" maxCyclomaticComplexity="1" minCyclomaticComplexity="1" maxCrapScore="2" minCrapScore="2" visitedClasses="0" numClasses="0" visitedMethods="0" numMethods="1" />
              <MetadataToken>100663297</MetadataToken>
              <Name>System.Void eAgenda.Forms.Program::Main()</Name>
              <FileRef uid="1" />
              <SequencePoints>
                <SequencePoint vc="0" uspid="1" ordinal="0" offset="0" sl="14" sc="9" el="14" ec="10" bec="0" bev="0" fileid="1" />
                <SequencePoint vc="0" uspid="2" ordinal="1" offset="1" sl="15" sc="13" el="15" ec="46" bec="0" bev="0" fileid="1" />
                <SequencePoint vc="0" uspid="3" ordinal="2" offset="7" sl="16" sc="13" el="16" ec="66" bec="0" bev="0" fileid="1" />
                <SequencePoint vc="0" uspid="4" ordinal="3" offset="14" sl="17" sc="13" el="17" ec="50" bec="0" bev="0" fileid="1" />
                <SequencePoint vc="0" uspid="5" ordinal="4" offset="25" sl="18" sc="9" el="18" ec="10" bec="0" bev="0" fileid="1" />
              </SequencePoints>
              <BranchPoints />
              <MethodPoint xsi:type="SequencePoint" vc="0" uspid="1" ordinal="0" offset="0" sl="14" sc="9" el="14" ec="10" bec="0" bev="0" fileid="1" />
            </Method>
          </Methods>
        </Class>
        <Class>
          <Summary numSequencePoints="116" visitedSequencePoints="0" numBranchPoints="12" visitedBranchPoints="0" sequenceCoverage="0" branchCoverage="0" maxCyclomaticComplexity="3" minCyclomaticComplexity="1" maxCrapScore="12" minCrapScore="2" visitedClasses="0" numClasses="1" visitedMethods="0" numMethods="6" />
          <FullName>eAgenda.Forms.TarefaModule.TelaAdicionarTarefa</FullName>
          <Methods>
            <Method visited="false" cyclomaticComplexity="1" nPathComplexity="0" sequenceCoverage="0" branchCoverage="0" crapScore="2" isConstructor="true" isStatic="false" isGetter="false" isSetter="false">
              <Summary numSequencePoints="6" visitedSequencePoints="0" numBranchPoints="1" visitedBranchPoints="0" sequenceCoverage="0" branchCoverage="0" maxCyclomaticComplexity="1" minCyclomaticComplexity="1" maxCrapScore="2" minCrapScore="2" visitedClasses="0" numClasses="0" visitedMethods="0" numMethods="1" />
              <MetadataToken>100663305</MetadataToken>
              <Name>System.Void eAgenda.Forms.TarefaModule.TelaAdicionarTarefa::.ctor()</Name>
              <FileRef uid="2" />
              <SequencePoints>
                <SequencePoint vc="0" uspid="6" ordinal="0" offset="0" sl="12" sc="9" el="12" ec="67" bec="0" bev="0" fileid="2" />
                <SequencePoint vc="0" uspid="7" ordinal="1" offset="11" sl="9" sc="9" el="9" ec="68" bec="0" bev="0" fileid="3" />
                <SequencePoint vc="0" uspid="8" ordinal="2" offset="18" sl="13" sc="9" el="13" ec="37" bec="0" bev="0" fileid="2" />
                <SequencePoint vc="0" uspid="9" ordinal="3" offset="25" sl="14" sc="9" el="14" ec="10" bec="0" bev="0" fileid="2" />
                <SequencePoint vc="0" uspid="10" ordinal="4" offset="26" sl="15" sc="13" el="15" ec="35" bec="0" bev="0" fileid="2" />
                <SequencePoint vc="0" uspid="11" ordinal="5" offset="33" sl="16" sc="9" el="16" ec="10" bec="0" bev="0" fileid="2" />
              </SequencePoints>
              <BranchPoints />
              <MethodPoint xsi:type="SequencePoint" vc="0" uspid="6" ordinal="0" offset="0" sl="12" sc="9" el="12" ec="67" bec="0" bev="0" fileid="2" />
            </Method>
            <Method visited="false" cyclomaticComplexity="1" nPathComplexity="0" sequenceCoverage="0" branchCoverage="0" crapScore="2" isConstructor="false" isStatic="false" isGetter="false" isSetter="false">
              <Summary numSequencePoints="4" visitedSequencePoints="0" numBranchPoints="1" visitedBranchPoints="0" sequenceCoverage="0" branchCoverage="0" maxCyclomaticComplexity="1" minCyclomaticComplexity="1" maxCrapScore="2" minCrapScore="2" visitedClasses="0" numClasses="0" visitedMethods="0" numMethods="1" />
              <MetadataToken>100663306</MetadataToken>
              <Name>System.Void eAgenda.Forms.TarefaModule.TelaAdicionarTarefa::btnLimpar_Click(System.Object,System.EventArgs)</Name>
              <FileRef uid="2" />
              <SequencePoints>
                <SequencePoint vc="0" uspid="12" ordinal="0" offset="0" sl="19" sc="9" el="19" ec="10" bec="0" bev="0" fileid="2" />
                <SequencePoint vc="0" uspid="13" ordinal="1" offset="1" sl="20" sc="13" el="20" ec="34" bec="0" bev="0" fileid="2" />
                <SequencePoint vc="0" uspid="14" ordinal="2" offset="18" sl="21" sc="13" el="21" ec="48" bec="0" bev="0" fileid="2" />
                <SequencePoint vc="0" uspid="15" ordinal="3" offset="31" sl="22" sc="9" el="22" ec="10" bec="0" bev="0" fileid="2" />
              </SequencePoints>
              <BranchPoints />
              <MethodPoint xsi:type="SequencePoint" vc="0" uspid="12" ordinal="0" offset="0" sl="19" sc="9" el="19" ec="10" bec="0" bev="0" fileid="2" />
            </Method>
            <Method visited="false" cyclomaticComplexity="2" nPathComplexity="2" sequenceCoverage="0" branchCoverage="0" crapScore="6" isConstructor="false" isStatic="false" isGetter="false" isSetter="false">
              <Summary numSequencePoints="10" visitedSequencePoints="0" numBranchPoints="3" visitedBranchPoints="0" sequenceCoverage="0" branchCoverage="0" maxCyclomaticComplexity="2" minCyclomaticComplexity="2" maxCrapScore="6" minCrapScore="6" visitedClasses="0" numClasses="0" visitedMethods="0" numMethods="1" />
              <MetadataToken>100663307</MetadataToken>
              <Name>System.Void eAgenda.Forms.TarefaModule.TelaAdicionarTarefa::btnAdicionar_Click(System.Object,System.EventArgs)</Name>
              <FileRef uid="2" />
              <SequencePoints>
                <SequencePoint vc="0" uspid="16" ordinal="0" offset="0" sl="25" sc="9" el="25" ec="10" bec="0" bev="0" fileid="2" />
                <SequencePoint vc="0" uspid="17" ordinal="1" offset="1" sl="26" sc="13" el="26" ec="115" bec="0" bev="0" fileid="2" />
                <SequencePoint vc="0" uspid="18" ordinal="2" offset="47" sl="28" sc="13" el="28" ec="73" bec="0" bev="0" fileid="2" />
                <SequencePoint vc="0" uspid="19" ordinal="3" offset="65" sl="29" sc="13" el="29" ec="53" bec="2" bev="0" fileid="2" />
                <SequencePoint vc="0" uspid="20" ordinal="4" offset="80" sl="30" sc="13" el="30" ec="14" bec="0" bev="0" fileid="2" />
                <SequencePoint vc="0" uspid="21" ordinal="5" offset="81" sl="31" sc="17" el="31" ec="64" bec="0" bev="0" fileid="2" />
                <SequencePoint vc="0" uspid="22" ordinal="6" offset="92" sl="32" sc="17" el="32" ec="27" bec="0" bev="0" fileid="2" />
                <SequencePoint vc="0" uspid="23" ordinal="7" offset="99" sl="33" sc="13" el="33" ec="14" bec="0" bev="0" fileid="2" />
                <SequencePoint vc="0" uspid="24" ordinal="8" offset="102" sl="35" sc="17" el="35" ec="53" bec="0" bev="0" fileid="2" />
                <SequencePoint vc="0" uspid="25" ordinal="9" offset="109" sl="36" sc="9" el="36" ec="10" bec="0" bev="0" fileid="2" />
              </SequencePoints>
              <BranchPoints>
                <BranchPoint vc="0" uspid="26" ordinal="0" offset="78" sl="29" path="0" offsetend="80" fileid="2" />
                <BranchPoint vc="0" uspid="27" ordinal="1" offset="78" sl="29" path="1" offsetend="102" fileid="2" />
              </BranchPoints>
              <MethodPoint xsi:type="SequencePoint" vc="0" uspid="16" ordinal="0" offset="0" sl="25" sc="9" el="25" ec="10" bec="0" bev="0" fileid="2" />
            </Method>
            <Method visited="false" cyclomaticComplexity="1" nPathComplexity="0" sequenceCoverage="0" branchCoverage="0" crapScore="2" isConstructor="false" isStatic="false" isGetter="false" isSetter="false">
              <Summary numSequencePoints="5" visitedSequencePoints="0" numBranchPoints="1" visitedBranchPoints="0" sequenceCoverage="0" branchCoverage="0" maxCyclomaticComplexity="1" minCyclomaticComplexity="1" maxCrapScore="2" minCrapScore="2" visitedClasses="0" numClasses="0" visitedMethods="0" numMethods="1" />
              <MetadataToken>100663308</MetadataToken>
              <Name>System.Void eAgenda.Forms.TarefaModule.TelaAdicionarTarefa::btnCancelar_Click(System.Object,System.EventArgs)</Name>
              <FileRef uid="2" />
              <SequencePoints>
                <SequencePoint vc="0" uspid="28" ordinal="0" offset="0" sl="39" sc="9" el="39" ec="10" bec="0" bev="0" fileid="2" />
                <SequencePoint vc="0" uspid="29" ordinal="1" offset="1" sl="40" sc="13" el="40" ec="34" bec="0" bev="0" fileid="2" />
                <SequencePoint vc="0" uspid="30" ordinal="2" offset="18" sl="41" sc="13" el="41" ec="48" bec="0" bev="0" fileid="2" />
                <SequencePoint vc="0" uspid="31" ordinal="3" offset="31" sl="42" sc="13" el="42" ec="23" bec="0" bev="0" fileid="2" />
                <SequencePoint vc="0" uspid="32" ordinal="4" offset="38" sl="43" sc="9" el="43" ec="10" bec="0" bev="0" fileid="2" />
              </SequencePoints>
              <BranchPoints />
              <MethodPoint xsi:type="SequencePoint" vc="0" uspid="28" ordinal="0" offset="0" sl="39" sc="9" el="39" ec="10" bec="0" bev="0" fileid="2" />
            </Method>
            <Method visited="false" cyclomaticComplexity="3" nPathComplexity="4" sequenceCoverage="0" branchCoverage="0" crapScore="12" isConstructor="false" isStatic="false" isGetter="false" isSetter="false">
              <Summary numSequencePoints="7" visitedSequencePoints="0" numBranchPoints="5" visitedBranchPoints="0" sequenceCoverage="0" branchCoverage="0" maxCyclomaticComplexity="3" minCyclomaticComplexity="3" maxCrapScore="12" minCrapScore="12" visitedClasses="0" numClasses="0" visitedMethods="0" numMethods="1" />
              <MetadataToken>100663309</MetadataToken>
              <Name>System.Void eAgenda.Forms.TarefaModule.TelaAdicionarTarefa::Dispose(System.Boolean)</Name>
              <FileRef uid="3" />
              <SequencePoints>
                <SequencePoint vc="0" uspid="33" ordinal="0" offset="0" sl="16" sc="9" el="16" ec="10" bec="0" bev="0" fileid="3" />
                <SequencePoint vc="0" uspid="34" ordinal="1" offset="1" sl="17" sc="13" el="17" ec="51" bec="4" bev="0" fileid="3" />
                <SequencePoint vc="0" uspid="35" ordinal="2" offset="20" sl="18" sc="13" el="18" ec="14" bec="0" bev="0" fileid="3" />
                <SequencePoint vc="0" uspid="36" ordinal="3" offset="21" sl="19" sc="17" el="19" ec="38" bec="0" bev="0" fileid="3" />
                <SequencePoint vc="0" uspid="37" ordinal="4" offset="33" sl="20" sc="13" el="20" ec="14" bec="0" bev="0" fileid="3" />
                <SequencePoint vc="0" uspid="38" ordinal="5" offset="34" sl="21" sc="13" el="21" ec="37" bec="0" bev="0" fileid="3" />
                <SequencePoint vc="0" uspid="39" ordinal="6" offset="42" sl="22" sc="9" el="22" ec="10" bec="0" bev="0" fileid="3" />
              </SequencePoints>
              <BranchPoints>
                <BranchPoint vc="0" uspid="40" ordinal="0" offset="2" sl="17" path="0" offsetend="4" fileid="3" />
                <BranchPoint vc="0" uspid="41" ordinal="1" offset="2" sl="17" path="1" offsetend="15" fileid="3" />
                <BranchPoint vc="0" uspid="42" ordinal="2" offset="18" sl="17" path="0" offsetend="20" fileid="3" />
                <BranchPoint vc="0" uspid="43" ordinal="3" offset="18" sl="17" path="1" offsetend="34" fileid="3" />
              </BranchPoints>
              <MethodPoint xsi:type="SequencePoint" vc="0" uspid="33" ordinal="0" offset="0" sl="16" sc="9" el="16" ec="10" bec="0" bev="0" fileid="3" />
            </Method>
            <Method visited="false" cyclomaticComplexity="1" nPathComplexity="0" sequenceCoverage="0" branchCoverage="0" crapScore="2" isConstructor="false" isStatic="false" isGetter="false" isSetter="false">
              <Summary numSequencePoints="84" visitedSequencePoints="0" numBranchPoints="1" visitedBranchPoints="0" sequenceCoverage="0" branchCoverage="0" maxCyclomaticComplexity="1" minCyclomaticComplexity="1" maxCrapScore="2" minCrapScore="2" visitedClasses="0" numClasses="0" visitedMethods="0" numMethods="1" />
              <MetadataToken>100663310</MetadataToken>
              <Name>System.Void eAgenda.Forms.TarefaModule.TelaAdicionarTarefa::InitializeComponent()</Name>
              <FileRef uid="3" />
              <SequencePoints>
                <SequencePoint vc="0" uspid="44" ordinal="0" offset="0" sl="31" sc="9" el="31" ec="10" bec="0" bev="0" fileid="3" />
                <SequencePoint vc="0" uspid="45" ordinal="1" offset="1" sl="32" sc="13" el="32" ec="72" bec="0" bev="0" fileid="3" />
                <SequencePoint vc="0" uspid="46" ordinal="2" offset="12" sl="33" sc="13" el="33" ec="64" bec="0" bev="0" fileid="3" />
                <SequencePoint vc="0" uspid="47" ordinal="3" offset="23" sl="34" sc="13" el="34" ec="66" bec="0" bev="0" fileid="3" />
                <SequencePoint vc="0" uspid="48" ordinal="4" offset="34" sl="35" sc="13" el="35" ec="67" bec="0" bev="0" fileid="3" />
                <SequencePoint vc="0" uspid="49" ordinal="5" offset="45" sl="36" sc="13" el="36" ec="71" bec="0" bev="0" fileid="3" />
                <SequencePoint vc="0" uspid="50" ordinal="6" offset="56" sl="37" sc="13" el="37" ec="60" bec="0" bev="0" fileid="3" />
                <SequencePoint vc="0" uspid="51" ordinal="7" offset="67" sl="38" sc="13" el="38" ec="66" bec="0" bev="0" fileid="3" />
                <SequencePoint vc="0" uspid="52" ordinal="8" offset="78" sl="39" sc="13" el="39" ec="63" bec="0" bev="0" fileid="3" />
                <SequencePoint vc="0" uspid="53" ordinal="9" offset="89" sl="40" sc="13" el="40" ec="34" bec="0" bev="0" fileid="3" />
                <SequencePoint vc="0" uspid="54" ordinal="10" offset="96" sl="44" sc="13" el="44" ec="53" bec="0" bev="0" fileid="3" />
                <SequencePoint vc="0" uspid="55" ordinal="11" offset="109" sl="45" sc="13" el="45" ec="231" bec="0" bev="0" fileid="3" />
                <SequencePoint vc="0" uspid="56" ordinal="12" offset="139" sl="46" sc="13" el="46" ec="82" bec="0" bev="0" fileid="3" />
                <SequencePoint vc="0" uspid="57" ordinal="13" offset="163" sl="47" sc="13" el="47" ec="65" bec="0" bev="0" fileid="3" />
                <SequencePoint vc="0" uspid="58" ordinal="14" offset="180" sl="48" sc="13" el="48" ec="77" bec="0" bev="0" fileid="3" />
                <SequencePoint vc="0" uspid="59" ordinal="15" offset="204" sl="49" sc="13" el="49" ec="50" bec="0" bev="0" fileid="3" />
                <SequencePoint vc="0" uspid="60" ordinal="16" offset="217" sl="50" sc="13" el="50" ec="53" bec="0" bev="0" fileid="3" />
                <SequencePoint vc="0" uspid="61" ordinal="17" offset="234" sl="51" sc="13" el="51" ec="94" bec="0" bev="0" fileid="3" />
                <SequencePoint vc="0" uspid="62" ordinal="18" offset="248" sl="55" sc="13" el="55" ec="169" bec="0" bev="0" fileid="3" />
                <SequencePoint vc="0" uspid="63" ordinal="19" offset="278" sl="56" sc="13" el="56" ec="74" bec="0" bev="0" fileid="3" />
                <SequencePoint vc="0" uspid="64" ordinal="20" offset="305" sl="57" sc="13" el="57" ec="47" bec="0" bev="0" fileid="3" />
                <SequencePoint vc="0" uspid="65" ordinal="21" offset="322" sl="58" sc="13" el="58" ec="67" bec="0" bev="0" fileid="3" />
                <SequencePoint vc="0" uspid="66" ordinal="22" offset="343" sl="59" sc="13" el="59" ec="41" bec="0" bev="0" fileid="3" />
                <SequencePoint vc="0" uspid="67" ordinal="23" offset="356" sl="60" sc="13" el="60" ec="44" bec="0" bev="0" fileid="3" />
                <SequencePoint vc="0" uspid="68" ordinal="24" offset="373" sl="61" sc="13" el="61" ec="59" bec="0" bev="0" fileid="3" />
                <SequencePoint vc="0" uspid="69" ordinal="25" offset="386" sl="62" sc="13" el="62" ec="83" bec="0" bev="0" fileid="3" />
                <SequencePoint vc="0" uspid="70" ordinal="26" offset="410" sl="66" sc="13" el="66" ec="171" bec="0" bev="0" fileid="3" />
                <SequencePoint vc="0" uspid="71" ordinal="27" offset="440" sl="67" sc="13" el="67" ec="76" bec="0" bev="0" fileid="3" />
                <SequencePoint vc="0" uspid="72" ordinal="28" offset="467" sl="68" sc="13" el="68" ec="51" bec="0" bev="0" fileid="3" />
                <SequencePoint vc="0" uspid="73" ordinal="29" offset="484" sl="69" sc="13" el="69" ec="69" bec="0" bev="0" fileid="3" />
                <SequencePoint vc="0" uspid="74" ordinal="30" offset="505" sl="70" sc="13" el="70" ec="43" bec="0" bev="0" fileid="3" />
                <SequencePoint vc="0" uspid="75" ordinal="31" offset="518" sl="71" sc="13" el="71" ec="48" bec="0" bev="0" fileid="3" />
                <SequencePoint vc="0" uspid="76" ordinal="32" offset="535" sl="72" sc="13" el="72" ec="61" bec="0" bev="0" fileid="3" />
                <SequencePoint vc="0" uspid="77" ordinal="33" offset="548" sl="73" sc="13" el="73" ec="87" bec="0" bev="0" fileid="3" />
                <SequencePoint vc="0" uspid="78" ordinal="34" offset="572" sl="77" sc="13" el="77" ec="172" bec="0" bev="0" fileid="3" />
                <SequencePoint vc="0" uspid="79" ordinal="35" offset="602" sl="78" sc="13" el="78" ec="77" bec="0" bev="0" fileid="3" />
                <SequencePoint vc="0" uspid="80" ordinal="36" offset="629" sl="79" sc="13" el="79" ec="53" bec="0" bev="0" fileid="3" />
                <SequencePoint vc="0" uspid="81" ordinal="37" offset="646" sl="80" sc="13" el="80" ec="70" bec="0" bev="0" fileid="3" />
                <SequencePoint vc="0" uspid="82" ordinal="38" offset="667" sl="81" sc="13" el="81" ec="44" bec="0" bev="0" fileid="3" />
                <SequencePoint vc="0" uspid="83" ordinal="39" offset="680" sl="82" sc="13" el="82" ec="50" bec="0" bev="0" fileid="3" />
                <SequencePoint vc="0" uspid="84" ordinal="40" offset="697" sl="83" sc="13" el="83" ec="62" bec="0" bev="0" fileid="3" />
                <SequencePoint vc="0" uspid="85" ordinal="41" offset="710" sl="84" sc="13" el="84" ec="89" bec="0" bev="0" fileid="3" />
                <SequencePoint vc="0" uspid="86" ordinal="42" offset="734" sl="88" sc="13" el="88" ec="58" bec="0" bev="0" fileid="3" />
                <SequencePoint vc="0" uspid="87" ordinal="43" offset="747" sl="89" sc="13" el="92" ec="22" bec="0" bev="0" fileid="3" />
                <SequencePoint vc="0" uspid="88" ordinal="44" offset="794" sl="93" sc="13" el="93" ec="78" bec="0" bev="0" fileid="3" />
                <SequencePoint vc="0" uspid="89" ordinal="45" offset="818" sl="94" sc="13" el="94" ec="57" bec="0" bev="0" fileid="3" />
                <SequencePoint vc="0" uspid="90" ordinal="46" offset="835" sl="95" sc="13" el="95" ec="73" bec="0" bev="0" fileid="3" />
                <SequencePoint vc="0" uspid="91" ordinal="47" offset="859" sl="96" sc="13" el="96" ec="46" bec="0" bev="0" fileid="3" />
                <SequencePoint vc="0" uspid="92" ordinal="48" offset="872" sl="100" sc="13" el="100" ec="41" bec="0" bev="0" fileid="3" />
                <SequencePoint vc="0" uspid="93" ordinal="49" offset="885" sl="101" sc="13" el="101" ec="170" bec="0" bev="0" fileid="3" />
                <SequencePoint vc="0" uspid="94" ordinal="50" offset="915" sl="102" sc="13" el="102" ec="70" bec="0" bev="0" fileid="3" />
                <SequencePoint vc="0" uspid="95" ordinal="51" offset="939" sl="103" sc="13" el="103" ec="41" bec="0" bev="0" fileid="3" />
                <SequencePoint vc="0" uspid="96" ordinal="52" offset="956" sl="104" sc="13" el="104" ec="64" bec="0" bev="0" fileid="3" />
                <SequencePoint vc="0" uspid="97" ordinal="53" offset="977" sl="105" sc="13" el="105" ec="38" bec="0" bev="0" fileid="3" />
                <SequencePoint vc="0" uspid="98" ordinal="54" offset="990" sl="106" sc="13" el="106" ec="45" bec="0" bev="0" fileid="3" />
                <SequencePoint vc="0" uspid="99" ordinal="55" offset="1007" sl="110" sc="13" el="110" ec="74" bec="0" bev="0" fileid="3" />
                <SequencePoint vc="0" uspid="100" ordinal="56" offset="1031" sl="111" sc="13" el="111" ec="49" bec="0" bev="0" fileid="3" />
                <SequencePoint vc="0" uspid="101" ordinal="57" offset="1048" sl="112" sc="13" el="112" ec="69" bec="0" bev="0" fileid="3" />
                <SequencePoint vc="0" uspid="102" ordinal="58" offset="1072" sl="113" sc="13" el="113" ec="42" bec="0" bev="0" fileid="3" />
                <SequencePoint vc="0" uspid="103" ordinal="59" offset="1085" sl="117" sc="13" el="117" ec="44" bec="0" bev="0" fileid="3" />
                <SequencePoint vc="0" uspid="104" ordinal="60" offset="1098" sl="118" sc="13" el="118" ec="173" bec="0" bev="0" fileid="3" />
                <SequencePoint vc="0" uspid="105" ordinal="61" offset="1128" sl="119" sc="13" el="119" ec="73" bec="0" bev="0" fileid="3" />
                <SequencePoint vc="0" uspid="106" ordinal="62" offset="1152" sl="120" sc="13" el="120" ec="47" bec="0" bev="0" fileid="3" />
                <SequencePoint vc="0" uspid="107" ordinal="63" offset="1169" sl="121" sc="13" el="121" ec="67" bec="0" bev="0" fileid="3" />
                <SequencePoint vc="0" uspid="108" ordinal="64" offset="1190" sl="122" sc="13" el="122" ec="41" bec="0" bev="0" fileid="3" />
                <SequencePoint vc="0" uspid="109" ordinal="65" offset="1203" sl="123" sc="13" el="123" ec="44" bec="0" bev="0" fileid="3" />
                <SequencePoint vc="0" uspid="110" ordinal="66" offset="1220" sl="127" sc="13" el="127" ec="74" bec="0" bev="0" fileid="3" />
                <SequencePoint vc="0" uspid="111" ordinal="67" offset="1242" sl="128" sc="13" el="128" ec="74" bec="0" bev="0" fileid="3" />
                <SequencePoint vc="0" uspid="112" ordinal="68" offset="1250" sl="129" sc="13" el="129" ec="72" bec="0" bev="0" fileid="3" />
                <SequencePoint vc="0" uspid="113" ordinal="69" offset="1262" sl="130" sc="13" el="130" ec="65" bec="0" bev="0" fileid="3" />
                <SequencePoint vc="0" uspid="114" ordinal="70" offset="1284" sl="131" sc="13" el="131" ec="47" bec="0" bev="0" fileid="3" />
                <SequencePoint vc="0" uspid="115" ordinal="71" offset="1302" sl="132" sc="13" el="132" ec="56" bec="0" bev="0" fileid="3" />
                <SequencePoint vc="0" uspid="116" ordinal="72" offset="1320" sl="133" sc="13" el="133" ec="49" bec="0" bev="0" fileid="3" />
                <SequencePoint vc="0" uspid="117" ordinal="73" offset="1338" sl="134" sc="13" el="134" ec="50" bec="0" bev="0" fileid="3" />
                <SequencePoint vc="0" uspid="118" ordinal="74" offset="1356" sl="135" sc="13" el="135" ec="48" bec="0" bev="0" fileid="3" />
                <SequencePoint vc="0" uspid="119" ordinal="75" offset="1374" sl="136" sc="13" el="136" ec="47" bec="0" bev="0" fileid="3" />
                <SequencePoint vc="0" uspid="120" ordinal="76" offset="1392" sl="137" sc="13" el="137" ec="52" bec="0" bev="0" fileid="3" />
                <SequencePoint vc="0" uspid="121" ordinal="77" offset="1410" sl="138" sc="13" el="138" ec="44" bec="0" bev="0" fileid="3" />
                <SequencePoint vc="0" uspid="122" ordinal="78" offset="1428" sl="139" sc="13" el="139" ec="38" bec="0" bev="0" fileid="3" />
                <SequencePoint vc="0" uspid="123" ordinal="79" offset="1436" sl="140" sc="13" el="140" ec="47" bec="0" bev="0" fileid="3" />
                <SequencePoint vc="0" uspid="124" ordinal="80" offset="1448" sl="141" sc="13" el="141" ec="54" bec="0" bev="0" fileid="3" />
                <SequencePoint vc="0" uspid="125" ordinal="81" offset="1460" sl="142" sc="13" el="142" ec="38" bec="0" bev="0" fileid="3" />
                <SequencePoint vc="0" uspid="126" ordinal="82" offset="1468" sl="143" sc="13" el="143" ec="34" bec="0" bev="0" fileid="3" />
                <SequencePoint vc="0" uspid="127" ordinal="83" offset="1475" sl="145" sc="9" el="145" ec="10" bec="0" bev="0" fileid="3" />
              </SequencePoints>
              <BranchPoints />
              <MethodPoint xsi:type="SequencePoint" vc="0" uspid="44" ordinal="0" offset="0" sl="31" sc="9" el="31" ec="10" bec="0" bev="0" fileid="3" />
            </Method>
          </Methods>
        </Class>
        <Class>
          <Summary numSequencePoints="243" visitedSequencePoints="0" numBranchPoints="19" visitedBranchPoints="0" sequenceCoverage="0" branchCoverage="0" maxCyclomaticComplexity="3" minCyclomaticComplexity="1" maxCrapScore="12" minCrapScore="2" visitedClasses="0" numClasses="1" visitedMethods="0" numMethods="15" />
          <FullName>eAgenda.Forms.Shared.TelaPrincipal</FullName>
          <Methods>
            <Method visited="false" cyclomaticComplexity="1" nPathComplexity="0" sequenceCoverage="0" branchCoverage="0" crapScore="2" isConstructor="true" isStatic="false" isGetter="false" isSetter="false">
              <Summary numSequencePoints="5" visitedSequencePoints="0" numBranchPoints="1" visitedBranchPoints="0" sequenceCoverage="0" branchCoverage="0" maxCyclomaticComplexity="1" minCyclomaticComplexity="1" maxCrapScore="2" minCrapScore="2" visitedClasses="0" numClasses="0" visitedMethods="0" numMethods="1" />
              <MetadataToken>100663311</MetadataToken>
              <Name>System.Void eAgenda.Forms.Shared.TelaPrincipal::.ctor()</Name>
              <FileRef uid="4" />
              <SequencePoints>
                <SequencePoint vc="0" uspid="128" ordinal="0" offset="0" sl="9" sc="9" el="9" ec="68" bec="0" bev="0" fileid="4" />
                <SequencePoint vc="0" uspid="129" ordinal="1" offset="7" sl="11" sc="9" el="11" ec="31" bec="0" bev="0" fileid="5" />
                <SequencePoint vc="0" uspid="130" ordinal="2" offset="14" sl="12" sc="9" el="12" ec="10" bec="0" bev="0" fileid="5" />
                <SequencePoint vc="0" uspid="131" ordinal="3" offset="15" sl="13" sc="13" el="13" ec="35" bec="0" bev="0" fileid="5" />
                <SequencePoint vc="0" uspid="132" ordinal="4" offset="22" sl="14" sc="9" el="14" ec="10" bec="0" bev="0" fileid="5" />
              </SequencePoints>
              <BranchPoints />
              <MethodPoint xsi:type="SequencePoint" vc="0" uspid="128" ordinal="0" offset="0" sl="9" sc="9" el="9" ec="68" bec="0" bev="0" fileid="4" />
            </Method>
            <Method visited="false" cyclomaticComplexity="1" nPathComplexity="0" sequenceCoverage="0" branchCoverage="0" crapScore="2" isConstructor="false" isStatic="false" isGetter="false" isSetter="false">
              <Summary numSequencePoints="4" visitedSequencePoints="0" numBranchPoints="1" visitedBranchPoints="0" sequenceCoverage="0" branchCoverage="0" maxCyclomaticComplexity="1" minCyclomaticComplexity="1" maxCrapScore="2" minCrapScore="2" visitedClasses="0" numClasses="0" visitedMethods="0" numMethods="1" />
              <MetadataToken>100663312</MetadataToken>
              <Name>System.Void eAgenda.Forms.Shared.TelaPrincipal::btnAdicionarTarefa_Click(System.Object,System.EventArgs)</Name>
              <FileRef uid="5" />
              <SequencePoints>
                <SequencePoint vc="0" uspid="133" ordinal="0" offset="0" sl="18" sc="9" el="18" ec="10" bec="0" bev="0" fileid="5" />
                <SequencePoint vc="0" uspid="134" ordinal="1" offset="1" sl="19" sc="13" el="19" ec="66" bec="0" bev="0" fileid="5" />
                <SequencePoint vc="0" uspid="135" ordinal="2" offset="7" sl="20" sc="13" el="20" ec="33" bec="0" bev="0" fileid="5" />
                <SequencePoint vc="0" uspid="136" ordinal="3" offset="15" sl="21" sc="9" el="21" ec="10" bec="0" bev="0" fileid="5" />
              </SequencePoints>
              <BranchPoints />
              <MethodPoint xsi:type="SequencePoint" vc="0" uspid="133" ordinal="0" offset="0" sl="18" sc="9" el="18" ec="10" bec="0" bev="0" fileid="5" />
            </Method>
            <Method visited="false" cyclomaticComplexity="1" nPathComplexity="0" sequenceCoverage="0" branchCoverage="0" crapScore="2" isConstructor="false" isStatic="false" isGetter="false" isSetter="false">
              <Summary numSequencePoints="2" visitedSequencePoints="0" numBranchPoints="1" visitedBranchPoints="0" sequenceCoverage="0" branchCoverage="0" maxCyclomaticComplexity="1" minCyclomaticComplexity="1" maxCrapScore="2" minCrapScore="2" visitedClasses="0" numClasses="0" visitedMethods="0" numMethods="1" />
              <MetadataToken>100663313</MetadataToken>
              <Name>System.Void eAgenda.Forms.Shared.TelaPrincipal::btnVisualizarTarefa_Click(System.Object,System.EventArgs)</Name>
              <FileRef uid="5" />
              <SequencePoints>
                <SequencePoint vc="0" uspid="137" ordinal="0" offset="0" sl="23" sc="9" el="23" ec="10" bec="0" bev="0" fileid="5" />
                <SequencePoint vc="0" uspid="138" ordinal="1" offset="1" sl="25" sc="9" el="25" ec="10" bec="0" bev="0" fileid="5" />
              </SequencePoints>
              <BranchPoints />
              <MethodPoint xsi:type="SequencePoint" vc="0" uspid="137" ordinal="0" offset="0" sl="23" sc="9" el="23" ec="10" bec="0" bev="0" fileid="5" />
            </Method>
            <Method visited="false" cyclomaticComplexity="1" nPathComplexity="0" sequenceCoverage="0" branchCoverage="0" crapScore="2" isConstructor="false" isStatic="false" isGetter="false" isSetter="false">
              <Summary numSequencePoints="2" visitedSequencePoints="0" numBranchPoints="1" visitedBranchPoints="0" sequenceCoverage="0" branchCoverage="0" maxCyclomaticComplexity="1" minCyclomaticComplexity="1" maxCrapScore="2" minCrapScore="2" visitedClasses="0" numClasses="0" visitedMethods="0" numMethods="1" />
              <MetadataToken>100663314</MetadataToken>
              <Name>System.Void eAgenda.Forms.Shared.TelaPrincipal::btnEditarTarefa_Click(System.Object,System.EventArgs)</Name>
              <FileRef uid="5" />
              <SequencePoints>
                <SequencePoint vc="0" uspid="139" ordinal="0" offset="0" sl="27" sc="9" el="27" ec="10" bec="0" bev="0" fileid="5" />
                <SequencePoint vc="0" uspid="140" ordinal="1" offset="1" sl="29" sc="9" el="29" ec="10" bec="0" bev="0" fileid="5" />
              </SequencePoints>
              <BranchPoints />
              <MethodPoint xsi:type="SequencePoint" vc="0" uspid="139" ordinal="0" offset="0" sl="27" sc="9" el="27" ec="10" bec="0" bev="0" fileid="5" />
            </Method>
            <Method visited="false" cyclomaticComplexity="1" nPathComplexity="0" sequenceCoverage="0" branchCoverage="0" crapScore="2" isConstructor="false" isStatic="false" isGetter="false" isSetter="false">
              <Summary numSequencePoints="2" visitedSequencePoints="0" numBranchPoints="1" visitedBranchPoints="0" sequenceCoverage="0" branchCoverage="0" maxCyclomaticComplexity="1" minCyclomaticComplexity="1" maxCrapScore="2" minCrapScore="2" visitedClasses="0" numClasses="0" visitedMethods="0" numMethods="1" />
              <MetadataToken>100663315</MetadataToken>
              <Name>System.Void eAgenda.Forms.Shared.TelaPrincipal::btnExcluirTarefa_Click(System.Object,System.EventArgs)</Name>
              <FileRef uid="5" />
              <SequencePoints>
                <SequencePoint vc="0" uspid="141" ordinal="0" offset="0" sl="31" sc="9" el="31" ec="10" bec="0" bev="0" fileid="5" />
                <SequencePoint vc="0" uspid="142" ordinal="1" offset="1" sl="33" sc="9" el="33" ec="10" bec="0" bev="0" fileid="5" />
              </SequencePoints>
              <BranchPoints />
              <MethodPoint xsi:type="SequencePoint" vc="0" uspid="141" ordinal="0" offset="0" sl="31" sc="9" el="31" ec="10" bec="0" bev="0" fileid="5" />
            </Method>
            <Method visited="false" cyclomaticComplexity="1" nPathComplexity="0" sequenceCoverage="0" branchCoverage="0" crapScore="2" isConstructor="false" isStatic="false" isGetter="false" isSetter="false">
              <Summary numSequencePoints="4" visitedSequencePoints="0" numBranchPoints="1" visitedBranchPoints="0" sequenceCoverage="0" branchCoverage="0" maxCyclomaticComplexity="1" minCyclomaticComplexity="1" maxCrapScore="2" minCrapScore="2" visitedClasses="0" numClasses="0" visitedMethods="0" numMethods="1" />
              <MetadataToken>100663316</MetadataToken>
              <Name>System.Void eAgenda.Forms.Shared.TelaPrincipal::btnAdicionarContato_Click(System.Object,System.EventArgs)</Name>
              <FileRef uid="5" />
              <SequencePoints>
                <SequencePoint vc="0" uspid="143" ordinal="0" offset="0" sl="38" sc="9" el="38" ec="10" bec="0" bev="0" fileid="5" />
                <SequencePoint vc="0" uspid="144" ordinal="1" offset="1" sl="39" sc="13" el="39" ec="68" bec="0" bev="0" fileid="5" />
                <SequencePoint vc="0" uspid="145" ordinal="2" offset="7" sl="40" sc="13" el="40" ec="33" bec="0" bev="0" fileid="5" />
                <SequencePoint vc="0" uspid="146" ordinal="3" offset="15" sl="41" sc="9" el="41" ec="10" bec="0" bev="0" fileid="5" />
              </SequencePoints>
              <BranchPoints />
              <MethodPoint xsi:type="SequencePoint" vc="0" uspid="143" ordinal="0" offset="0" sl="38" sc="9" el="38" ec="10" bec="0" bev="0" fileid="5" />
            </Method>
            <Method visited="false" cyclomaticComplexity="1" nPathComplexity="0" sequenceCoverage="0" branchCoverage="0" crapScore="2" isConstructor="false" isStatic="false" isGetter="false" isSetter="false">
              <Summary numSequencePoints="2" visitedSequencePoints="0" numBranchPoints="1" visitedBranchPoints="0" sequenceCoverage="0" branchCoverage="0" maxCyclomaticComplexity="1" minCyclomaticComplexity="1" maxCrapScore="2" minCrapScore="2" visitedClasses="0" numClasses="0" visitedMethods="0" numMethods="1" />
              <MetadataToken>100663317</MetadataToken>
              <Name>System.Void eAgenda.Forms.Shared.TelaPrincipal::btnVisualizarContato_Click(System.Object,System.EventArgs)</Name>
              <FileRef uid="5" />
              <SequencePoints>
                <SequencePoint vc="0" uspid="147" ordinal="0" offset="0" sl="43" sc="9" el="43" ec="10" bec="0" bev="0" fileid="5" />
                <SequencePoint vc="0" uspid="148" ordinal="1" offset="1" sl="45" sc="9" el="45" ec="10" bec="0" bev="0" fileid="5" />
              </SequencePoints>
              <BranchPoints />
              <MethodPoint xsi:type="SequencePoint" vc="0" uspid="147" ordinal="0" offset="0" sl="43" sc="9" el="43" ec="10" bec="0" bev="0" fileid="5" />
            </Method>
            <Method visited="false" cyclomaticComplexity="1" nPathComplexity="0" sequenceCoverage="0" branchCoverage="0" crapScore="2" isConstructor="false" isStatic="false" isGetter="false" isSetter="false">
              <Summary numSequencePoints="2" visitedSequencePoints="0" numBranchPoints="1" visitedBranchPoints="0" sequenceCoverage="0" branchCoverage="0" maxCyclomaticComplexity="1" minCyclomaticComplexity="1" maxCrapScore="2" minCrapScore="2" visitedClasses="0" numClasses="0" visitedMethods="0" numMethods="1" />
              <MetadataToken>100663318</MetadataToken>
              <Name>System.Void eAgenda.Forms.Shared.TelaPrincipal::btnEditarContato_Click(System.Object,System.EventArgs)</Name>
              <FileRef uid="5" />
              <SequencePoints>
                <SequencePoint vc="0" uspid="149" ordinal="0" offset="0" sl="47" sc="9" el="47" ec="10" bec="0" bev="0" fileid="5" />
                <SequencePoint vc="0" uspid="150" ordinal="1" offset="1" sl="49" sc="9" el="49" ec="10" bec="0" bev="0" fileid="5" />
              </SequencePoints>
              <BranchPoints />
              <MethodPoint xsi:type="SequencePoint" vc="0" uspid="149" ordinal="0" offset="0" sl="47" sc="9" el="47" ec="10" bec="0" bev="0" fileid="5" />
            </Method>
            <Method visited="false" cyclomaticComplexity="1" nPathComplexity="0" sequenceCoverage="0" branchCoverage="0" crapScore="2" isConstructor="false" isStatic="false" isGetter="false" isSetter="false">
              <Summary numSequencePoints="2" visitedSequencePoints="0" numBranchPoints="1" visitedBranchPoints="0" sequenceCoverage="0" branchCoverage="0" maxCyclomaticComplexity="1" minCyclomaticComplexity="1" maxCrapScore="2" minCrapScore="2" visitedClasses="0" numClasses="0" visitedMethods="0" numMethods="1" />
              <MetadataToken>100663319</MetadataToken>
              <Name>System.Void eAgenda.Forms.Shared.TelaPrincipal::btnExcluirContato_Click(System.Object,System.EventArgs)</Name>
              <FileRef uid="5" />
              <SequencePoints>
                <SequencePoint vc="0" uspid="151" ordinal="0" offset="0" sl="51" sc="9" el="51" ec="10" bec="0" bev="0" fileid="5" />
                <SequencePoint vc="0" uspid="152" ordinal="1" offset="1" sl="53" sc="9" el="53" ec="10" bec="0" bev="0" fileid="5" />
              </SequencePoints>
              <BranchPoints />
              <MethodPoint xsi:type="SequencePoint" vc="0" uspid="151" ordinal="0" offset="0" sl="51" sc="9" el="51" ec="10" bec="0" bev="0" fileid="5" />
            </Method>
            <Method visited="false" cyclomaticComplexity="1" nPathComplexity="0" sequenceCoverage="0" branchCoverage="0" crapScore="2" isConstructor="false" isStatic="false" isGetter="false" isSetter="false">
              <Summary numSequencePoints="4" visitedSequencePoints="0" numBranchPoints="1" visitedBranchPoints="0" sequenceCoverage="0" branchCoverage="0" maxCyclomaticComplexity="1" minCyclomaticComplexity="1" maxCrapScore="2" minCrapScore="2" visitedClasses="0" numClasses="0" visitedMethods="0" numMethods="1" />
              <MetadataToken>100663320</MetadataToken>
              <Name>System.Void eAgenda.Forms.Shared.TelaPrincipal::btnAdicionarCompromisso_Click(System.Object,System.EventArgs)</Name>
              <FileRef uid="5" />
              <SequencePoints>
                <SequencePoint vc="0" uspid="153" ordinal="0" offset="0" sl="58" sc="9" el="58" ec="10" bec="0" bev="0" fileid="5" />
                <SequencePoint vc="0" uspid="154" ordinal="1" offset="1" sl="59" sc="13" el="59" ec="76" bec="0" bev="0" fileid="5" />
                <SequencePoint vc="0" uspid="155" ordinal="2" offset="7" sl="60" sc="13" el="60" ec="33" bec="0" bev="0" fileid="5" />
                <SequencePoint vc="0" uspid="156" ordinal="3" offset="15" sl="61" sc="9" el="61" ec="10" bec="0" bev="0" fileid="5" />
              </SequencePoints>
              <BranchPoints />
              <MethodPoint xsi:type="SequencePoint" vc="0" uspid="153" ordinal="0" offset="0" sl="58" sc="9" el="58" ec="10" bec="0" bev="0" fileid="5" />
            </Method>
            <Method visited="false" cyclomaticComplexity="1" nPathComplexity="0" sequenceCoverage="0" branchCoverage="0" crapScore="2" isConstructor="false" isStatic="false" isGetter="false" isSetter="false">
              <Summary numSequencePoints="2" visitedSequencePoints="0" numBranchPoints="1" visitedBranchPoints="0" sequenceCoverage="0" branchCoverage="0" maxCyclomaticComplexity="1" minCyclomaticComplexity="1" maxCrapScore="2" minCrapScore="2" visitedClasses="0" numClasses="0" visitedMethods="0" numMethods="1" />
              <MetadataToken>100663321</MetadataToken>
              <Name>System.Void eAgenda.Forms.Shared.TelaPrincipal::btnVisualizarCompromisso_Click(System.Object,System.EventArgs)</Name>
              <FileRef uid="5" />
              <SequencePoints>
                <SequencePoint vc="0" uspid="157" ordinal="0" offset="0" sl="63" sc="9" el="63" ec="10" bec="0" bev="0" fileid="5" />
                <SequencePoint vc="0" uspid="158" ordinal="1" offset="1" sl="65" sc="9" el="65" ec="10" bec="0" bev="0" fileid="5" />
              </SequencePoints>
              <BranchPoints />
              <MethodPoint xsi:type="SequencePoint" vc="0" uspid="157" ordinal="0" offset="0" sl="63" sc="9" el="63" ec="10" bec="0" bev="0" fileid="5" />
            </Method>
            <Method visited="false" cyclomaticComplexity="1" nPathComplexity="0" sequenceCoverage="0" branchCoverage="0" crapScore="2" isConstructor="false" isStatic="false" isGetter="false" isSetter="false">
              <Summary numSequencePoints="2" visitedSequencePoints="0" numBranchPoints="1" visitedBranchPoints="0" sequenceCoverage="0" branchCoverage="0" maxCyclomaticComplexity="1" minCyclomaticComplexity="1" maxCrapScore="2" minCrapScore="2" visitedClasses="0" numClasses="0" visitedMethods="0" numMethods="1" />
              <MetadataToken>100663322</MetadataToken>
              <Name>System.Void eAgenda.Forms.Shared.TelaPrincipal::btnEditarCompromisso_Click(System.Object,System.EventArgs)</Name>
              <FileRef uid="5" />
              <SequencePoints>
                <SequencePoint vc="0" uspid="159" ordinal="0" offset="0" sl="67" sc="9" el="67" ec="10" bec="0" bev="0" fileid="5" />
                <SequencePoint vc="0" uspid="160" ordinal="1" offset="1" sl="69" sc="9" el="69" ec="10" bec="0" bev="0" fileid="5" />
              </SequencePoints>
              <BranchPoints />
              <MethodPoint xsi:type="SequencePoint" vc="0" uspid="159" ordinal="0" offset="0" sl="67" sc="9" el="67" ec="10" bec="0" bev="0" fileid="5" />
            </Method>
            <Method visited="false" cyclomaticComplexity="1" nPathComplexity="0" sequenceCoverage="0" branchCoverage="0" crapScore="2" isConstructor="false" isStatic="false" isGetter="false" isSetter="false">
              <Summary numSequencePoints="2" visitedSequencePoints="0" numBranchPoints="1" visitedBranchPoints="0" sequenceCoverage="0" branchCoverage="0" maxCyclomaticComplexity="1" minCyclomaticComplexity="1" maxCrapScore="2" minCrapScore="2" visitedClasses="0" numClasses="0" visitedMethods="0" numMethods="1" />
              <MetadataToken>100663323</MetadataToken>
              <Name>System.Void eAgenda.Forms.Shared.TelaPrincipal::btnExcluirCompromisso_Click(System.Object,System.EventArgs)</Name>
              <FileRef uid="5" />
              <SequencePoints>
                <SequencePoint vc="0" uspid="161" ordinal="0" offset="0" sl="71" sc="9" el="71" ec="10" bec="0" bev="0" fileid="5" />
                <SequencePoint vc="0" uspid="162" ordinal="1" offset="1" sl="73" sc="9" el="73" ec="10" bec="0" bev="0" fileid="5" />
              </SequencePoints>
              <BranchPoints />
              <MethodPoint xsi:type="SequencePoint" vc="0" uspid="161" ordinal="0" offset="0" sl="71" sc="9" el="71" ec="10" bec="0" bev="0" fileid="5" />
            </Method>
            <Method visited="false" cyclomaticComplexity="3" nPathComplexity="4" sequenceCoverage="0" branchCoverage="0" crapScore="12" isConstructor="false" isStatic="false" isGetter="false" isSetter="false">
              <Summary numSequencePoints="7" visitedSequencePoints="0" numBranchPoints="5" visitedBranchPoints="0" sequenceCoverage="0" branchCoverage="0" maxCyclomaticComplexity="3" minCyclomaticComplexity="3" maxCrapScore="12" minCrapScore="12" visitedClasses="0" numClasses="0" visitedMethods="0" numMethods="1" />
              <MetadataToken>100663324</MetadataToken>
              <Name>System.Void eAgenda.Forms.Shared.TelaPrincipal::Dispose(System.Boolean)</Name>
              <FileRef uid="4" />
              <SequencePoints>
                <SequencePoint vc="0" uspid="163" ordinal="0" offset="0" sl="16" sc="9" el="16" ec="10" bec="0" bev="0" fileid="4" />
                <SequencePoint vc="0" uspid="164" ordinal="1" offset="1" sl="17" sc="13" el="17" ec="51" bec="4" bev="0" fileid="4" />
                <SequencePoint vc="0" uspid="165" ordinal="2" offset="20" sl="18" sc="13" el="18" ec="14" bec="0" bev="0" fileid="4" />
                <SequencePoint vc="0" uspid="166" ordinal="3" offset="21" sl="19" sc="17" el="19" ec="38" bec="0" bev="0" fileid="4" />
                <SequencePoint vc="0" uspid="167" ordinal="4" offset="33" sl="20" sc="13" el="20" ec="14" bec="0" bev="0" fileid="4" />
                <SequencePoint vc="0" uspid="168" ordinal="5" offset="34" sl="21" sc="13" el="21" ec="37" bec="0" bev="0" fileid="4" />
                <SequencePoint vc="0" uspid="169" ordinal="6" offset="42" sl="22" sc="9" el="22" ec="10" bec="0" bev="0" fileid="4" />
              </SequencePoints>
              <BranchPoints>
                <BranchPoint vc="0" uspid="170" ordinal="0" offset="2" sl="17" path="0" offsetend="4" fileid="4" />
                <BranchPoint vc="0" uspid="171" ordinal="1" offset="2" sl="17" path="1" offsetend="15" fileid="4" />
                <BranchPoint vc="0" uspid="172" ordinal="2" offset="18" sl="17" path="0" offsetend="20" fileid="4" />
                <BranchPoint vc="0" uspid="173" ordinal="3" offset="18" sl="17" path="1" offsetend="34" fileid="4" />
              </BranchPoints>
              <MethodPoint xsi:type="SequencePoint" vc="0" uspid="163" ordinal="0" offset="0" sl="16" sc="9" el="16" ec="10" bec="0" bev="0" fileid="4" />
            </Method>
            <Method visited="false" cyclomaticComplexity="1" nPathComplexity="0" sequenceCoverage="0" branchCoverage="0" crapScore="2" isConstructor="false" isStatic="false" isGetter="false" isSetter="false">
              <Summary numSequencePoints="201" visitedSequencePoints="0" numBranchPoints="1" visitedBranchPoints="0" sequenceCoverage="0" branchCoverage="0" maxCyclomaticComplexity="1" minCyclomaticComplexity="1" maxCrapScore="2" minCrapScore="2" visitedClasses="0" numClasses="0" visitedMethods="0" numMethods="1" />
              <MetadataToken>100663325</MetadataToken>
              <Name>System.Void eAgenda.Forms.Shared.TelaPrincipal::InitializeComponent()</Name>
              <FileRef uid="4" />
              <SequencePoints>
                <SequencePoint vc="0" uspid="174" ordinal="0" offset="0" sl="31" sc="9" el="31" ec="10" bec="0" bev="0" fileid="4" />
                <SequencePoint vc="0" uspid="175" ordinal="1" offset="1" sl="32" sc="13" el="32" ec="64" bec="0" bev="0" fileid="4" />
                <SequencePoint vc="0" uspid="176" ordinal="2" offset="12" sl="33" sc="13" el="33" ec="72" bec="0" bev="0" fileid="4" />
                <SequencePoint vc="0" uspid="177" ordinal="3" offset="23" sl="34" sc="13" el="34" ec="71" bec="0" bev="0" fileid="4" />
                <SequencePoint vc="0" uspid="178" ordinal="4" offset="34" sl="35" sc="13" el="35" ec="75" bec="0" bev="0" fileid="4" />
                <SequencePoint vc="0" uspid="179" ordinal="5" offset="45" sl="36" sc="13" el="36" ec="74" bec="0" bev="0" fileid="4" />
                <SequencePoint vc="0" uspid="180" ordinal="6" offset="56" sl="37" sc="13" el="37" ec="76" bec="0" bev="0" fileid="4" />
                <SequencePoint vc="0" uspid="181" ordinal="7" offset="67" sl="38" sc="13" el="38" ec="75" bec="0" bev="0" fileid="4" />
                <SequencePoint vc="0" uspid="182" ordinal="8" offset="78" sl="39" sc="13" el="39" ec="79" bec="0" bev="0" fileid="4" />
                <SequencePoint vc="0" uspid="183" ordinal="9" offset="89" sl="40" sc="13" el="40" ec="78" bec="0" bev="0" fileid="4" />
                <SequencePoint vc="0" uspid="184" ordinal="10" offset="100" sl="41" sc="13" el="41" ec="73" bec="0" bev="0" fileid="4" />
                <SequencePoint vc="0" uspid="185" ordinal="11" offset="111" sl="42" sc="13" el="42" ec="74" bec="0" bev="0" fileid="4" />
                <SequencePoint vc="0" uspid="186" ordinal="12" offset="122" sl="43" sc="13" el="43" ec="70" bec="0" bev="0" fileid="4" />
                <SequencePoint vc="0" uspid="187" ordinal="13" offset="133" sl="44" sc="13" el="44" ec="71" bec="0" bev="0" fileid="4" />
                <SequencePoint vc="0" uspid="188" ordinal="14" offset="144" sl="45" sc="13" el="45" ec="66" bec="0" bev="0" fileid="4" />
                <SequencePoint vc="0" uspid="189" ordinal="15" offset="155" sl="46" sc="13" el="46" ec="67" bec="0" bev="0" fileid="4" />
                <SequencePoint vc="0" uspid="190" ordinal="16" offset="166" sl="47" sc="13" el="47" ec="71" bec="0" bev="0" fileid="4" />
                <SequencePoint vc="0" uspid="191" ordinal="17" offset="177" sl="48" sc="13" el="48" ec="72" bec="0" bev="0" fileid="4" />
                <SequencePoint vc="0" uspid="192" ordinal="18" offset="188" sl="49" sc="13" el="49" ec="90" bec="0" bev="0" fileid="4" />
                <SequencePoint vc="0" uspid="193" ordinal="19" offset="199" sl="50" sc="13" el="50" ec="47" bec="0" bev="0" fileid="4" />
                <SequencePoint vc="0" uspid="194" ordinal="20" offset="211" sl="51" sc="13" el="51" ec="34" bec="0" bev="0" fileid="4" />
                <SequencePoint vc="0" uspid="195" ordinal="21" offset="218" sl="55" sc="13" el="55" ec="45" bec="0" bev="0" fileid="4" />
                <SequencePoint vc="0" uspid="196" ordinal="22" offset="231" sl="56" sc="13" el="56" ec="221" bec="0" bev="0" fileid="4" />
                <SequencePoint vc="0" uspid="197" ordinal="23" offset="261" sl="57" sc="13" el="57" ec="74" bec="0" bev="0" fileid="4" />
                <SequencePoint vc="0" uspid="198" ordinal="24" offset="285" sl="58" sc="13" el="58" ec="49" bec="0" bev="0" fileid="4" />
                <SequencePoint vc="0" uspid="199" ordinal="25" offset="302" sl="59" sc="13" el="59" ec="69" bec="0" bev="0" fileid="4" />
                <SequencePoint vc="0" uspid="200" ordinal="26" offset="326" sl="60" sc="13" el="60" ec="42" bec="0" bev="0" fileid="4" />
                <SequencePoint vc="0" uspid="201" ordinal="27" offset="339" sl="61" sc="13" el="61" ec="46" bec="0" bev="0" fileid="4" />
                <SequencePoint vc="0" uspid="202" ordinal="28" offset="356" sl="65" sc="13" el="65" ec="73" bec="0" bev="0" fileid="4" />
                <SequencePoint vc="0" uspid="203" ordinal="29" offset="373" sl="66" sc="13" el="66" ec="178" bec="0" bev="0" fileid="4" />
                <SequencePoint vc="0" uspid="204" ordinal="30" offset="403" sl="67" sc="13" el="67" ec="82" bec="0" bev="0" fileid="4" />
                <SequencePoint vc="0" uspid="205" ordinal="31" offset="430" sl="68" sc="13" el="68" ec="63" bec="0" bev="0" fileid="4" />
                <SequencePoint vc="0" uspid="206" ordinal="32" offset="447" sl="69" sc="13" el="69" ec="76" bec="0" bev="0" fileid="4" />
                <SequencePoint vc="0" uspid="207" ordinal="33" offset="468" sl="70" sc="13" el="70" ec="49" bec="0" bev="0" fileid="4" />
                <SequencePoint vc="0" uspid="208" ordinal="34" offset="481" sl="71" sc="13" el="71" ec="53" bec="0" bev="0" fileid="4" />
                <SequencePoint vc="0" uspid="209" ordinal="35" offset="498" sl="72" sc="13" el="72" ec="68" bec="0" bev="0" fileid="4" />
                <SequencePoint vc="0" uspid="210" ordinal="36" offset="511" sl="73" sc="13" el="73" ec="99" bec="0" bev="0" fileid="4" />
                <SequencePoint vc="0" uspid="211" ordinal="37" offset="535" sl="77" sc="13" el="77" ec="75" bec="0" bev="0" fileid="4" />
                <SequencePoint vc="0" uspid="212" ordinal="38" offset="552" sl="78" sc="13" el="78" ec="177" bec="0" bev="0" fileid="4" />
                <SequencePoint vc="0" uspid="213" ordinal="39" offset="582" sl="79" sc="13" el="79" ec="81" bec="0" bev="0" fileid="4" />
                <SequencePoint vc="0" uspid="214" ordinal="40" offset="609" sl="80" sc="13" el="80" ec="61" bec="0" bev="0" fileid="4" />
                <SequencePoint vc="0" uspid="215" ordinal="41" offset="626" sl="81" sc="13" el="81" ec="75" bec="0" bev="0" fileid="4" />
                <SequencePoint vc="0" uspid="216" ordinal="42" offset="647" sl="82" sc="13" el="82" ec="48" bec="0" bev="0" fileid="4" />
                <SequencePoint vc="0" uspid="217" ordinal="43" offset="660" sl="83" sc="13" el="83" ec="51" bec="0" bev="0" fileid="4" />
                <SequencePoint vc="0" uspid="218" ordinal="44" offset="677" sl="84" sc="13" el="84" ec="67" bec="0" bev="0" fileid="4" />
                <SequencePoint vc="0" uspid="219" ordinal="45" offset="690" sl="85" sc="13" el="85" ec="97" bec="0" bev="0" fileid="4" />
                <SequencePoint vc="0" uspid="220" ordinal="46" offset="714" sl="89" sc="13" el="89" ec="77" bec="0" bev="0" fileid="4" />
                <SequencePoint vc="0" uspid="221" ordinal="47" offset="731" sl="90" sc="13" el="90" ec="181" bec="0" bev="0" fileid="4" />
                <SequencePoint vc="0" uspid="222" ordinal="48" offset="761" sl="91" sc="13" el="91" ec="85" bec="0" bev="0" fileid="4" />
                <SequencePoint vc="0" uspid="223" ordinal="49" offset="788" sl="92" sc="13" el="92" ec="69" bec="0" bev="0" fileid="4" />
                <SequencePoint vc="0" uspid="224" ordinal="50" offset="805" sl="93" sc="13" el="93" ec="79" bec="0" bev="0" fileid="4" />
                <SequencePoint vc="0" uspid="225" ordinal="51" offset="826" sl="94" sc="13" el="94" ec="52" bec="0" bev="0" fileid="4" />
                <SequencePoint vc="0" uspid="226" ordinal="52" offset="839" sl="95" sc="13" el="95" ec="59" bec="0" bev="0" fileid="4" />
                <SequencePoint vc="0" uspid="227" ordinal="53" offset="856" sl="96" sc="13" el="96" ec="71" bec="0" bev="0" fileid="4" />
                <SequencePoint vc="0" uspid="228" ordinal="54" offset="869" sl="97" sc="13" el="97" ec="105" bec="0" bev="0" fileid="4" />
                <SequencePoint vc="0" uspid="229" ordinal="55" offset="893" sl="101" sc="13" el="101" ec="87" bec="0" bev="0" fileid="4" />
                <SequencePoint vc="0" uspid="230" ordinal="56" offset="910" sl="102" sc="13" el="102" ec="180" bec="0" bev="0" fileid="4" />
                <SequencePoint vc="0" uspid="231" ordinal="57" offset="940" sl="103" sc="13" el="103" ec="84" bec="0" bev="0" fileid="4" />
                <SequencePoint vc="0" uspid="232" ordinal="58" offset="967" sl="104" sc="13" el="104" ec="67" bec="0" bev="0" fileid="4" />
                <SequencePoint vc="0" uspid="233" ordinal="59" offset="984" sl="105" sc="13" el="105" ec="78" bec="0" bev="0" fileid="4" />
                <SequencePoint vc="0" uspid="234" ordinal="60" offset="1005" sl="106" sc="13" el="106" ec="51" bec="0" bev="0" fileid="4" />
                <SequencePoint vc="0" uspid="235" ordinal="61" offset="1018" sl="107" sc="13" el="107" ec="57" bec="0" bev="0" fileid="4" />
                <SequencePoint vc="0" uspid="236" ordinal="62" offset="1035" sl="108" sc="13" el="108" ec="70" bec="0" bev="0" fileid="4" />
                <SequencePoint vc="0" uspid="237" ordinal="63" offset="1048" sl="109" sc="13" el="109" ec="103" bec="0" bev="0" fileid="4" />
                <SequencePoint vc="0" uspid="238" ordinal="64" offset="1072" sl="113" sc="13" el="113" ec="77" bec="0" bev="0" fileid="4" />
                <SequencePoint vc="0" uspid="239" ordinal="65" offset="1089" sl="114" sc="13" el="114" ec="182" bec="0" bev="0" fileid="4" />
                <SequencePoint vc="0" uspid="240" ordinal="66" offset="1119" sl="115" sc="13" el="115" ec="86" bec="0" bev="0" fileid="4" />
                <SequencePoint vc="0" uspid="241" ordinal="67" offset="1146" sl="116" sc="13" el="116" ec="71" bec="0" bev="0" fileid="4" />
                <SequencePoint vc="0" uspid="242" ordinal="68" offset="1163" sl="117" sc="13" el="117" ec="80" bec="0" bev="0" fileid="4" />
                <SequencePoint vc="0" uspid="243" ordinal="69" offset="1184" sl="118" sc="13" el="118" ec="53" bec="0" bev="0" fileid="4" />
                <SequencePoint vc="0" uspid="244" ordinal="70" offset="1197" sl="119" sc="13" el="119" ec="57" bec="0" bev="0" fileid="4" />
                <SequencePoint vc="0" uspid="245" ordinal="71" offset="1214" sl="120" sc="13" el="120" ec="72" bec="0" bev="0" fileid="4" />
                <SequencePoint vc="0" uspid="246" ordinal="72" offset="1227" sl="121" sc="13" el="121" ec="107" bec="0" bev="0" fileid="4" />
                <SequencePoint vc="0" uspid="247" ordinal="73" offset="1251" sl="125" sc="13" el="125" ec="79" bec="0" bev="0" fileid="4" />
                <SequencePoint vc="0" uspid="248" ordinal="74" offset="1268" sl="126" sc="13" el="126" ec="181" bec="0" bev="0" fileid="4" />
                <SequencePoint vc="0" uspid="249" ordinal="75" offset="1298" sl="127" sc="13" el="127" ec="85" bec="0" bev="0" fileid="4" />
                <SequencePoint vc="0" uspid="250" ordinal="76" offset="1325" sl="128" sc="13" el="128" ec="69" bec="0" bev="0" fileid="4" />
                <SequencePoint vc="0" uspid="251" ordinal="77" offset="1342" sl="129" sc="13" el="129" ec="79" bec="0" bev="0" fileid="4" />
                <SequencePoint vc="0" uspid="252" ordinal="78" offset="1363" sl="130" sc="13" el="130" ec="52" bec="0" bev="0" fileid="4" />
                <SequencePoint vc="0" uspid="253" ordinal="79" offset="1376" sl="131" sc="13" el="131" ec="55" bec="0" bev="0" fileid="4" />
                <SequencePoint vc="0" uspid="254" ordinal="80" offset="1393" sl="132" sc="13" el="132" ec="71" bec="0" bev="0" fileid="4" />
                <SequencePoint vc="0" uspid="255" ordinal="81" offset="1406" sl="133" sc="13" el="133" ec="105" bec="0" bev="0" fileid="4" />
                <SequencePoint vc="0" uspid="256" ordinal="82" offset="1430" sl="137" sc="13" el="137" ec="81" bec="0" bev="0" fileid="4" />
                <SequencePoint vc="0" uspid="257" ordinal="83" offset="1447" sl="138" sc="13" el="138" ec="185" bec="0" bev="0" fileid="4" />
                <SequencePoint vc="0" uspid="258" ordinal="84" offset="1477" sl="139" sc="13" el="139" ec="89" bec="0" bev="0" fileid="4" />
                <SequencePoint vc="0" uspid="259" ordinal="85" offset="1504" sl="140" sc="13" el="140" ec="77" bec="0" bev="0" fileid="4" />
                <SequencePoint vc="0" uspid="260" ordinal="86" offset="1521" sl="141" sc="13" el="141" ec="83" bec="0" bev="0" fileid="4" />
                <SequencePoint vc="0" uspid="261" ordinal="87" offset="1542" sl="142" sc="13" el="142" ec="56" bec="0" bev="0" fileid="4" />
                <SequencePoint vc="0" uspid="262" ordinal="88" offset="1555" sl="143" sc="13" el="143" ec="63" bec="0" bev="0" fileid="4" />
                <SequencePoint vc="0" uspid="263" ordinal="89" offset="1572" sl="144" sc="13" el="144" ec="75" bec="0" bev="0" fileid="4" />
                <SequencePoint vc="0" uspid="264" ordinal="90" offset="1585" sl="145" sc="13" el="145" ec="113" bec="0" bev="0" fileid="4" />
                <SequencePoint vc="0" uspid="265" ordinal="91" offset="1609" sl="149" sc="13" el="149" ec="91" bec="0" bev="0" fileid="4" />
                <SequencePoint vc="0" uspid="266" ordinal="92" offset="1626" sl="150" sc="13" el="150" ec="184" bec="0" bev="0" fileid="4" />
                <SequencePoint vc="0" uspid="267" ordinal="93" offset="1656" sl="151" sc="13" el="151" ec="88" bec="0" bev="0" fileid="4" />
                <SequencePoint vc="0" uspid="268" ordinal="94" offset="1683" sl="152" sc="13" el="152" ec="75" bec="0" bev="0" fileid="4" />
                <SequencePoint vc="0" uspid="269" ordinal="95" offset="1700" sl="153" sc="13" el="153" ec="82" bec="0" bev="0" fileid="4" />
                <SequencePoint vc="0" uspid="270" ordinal="96" offset="1721" sl="154" sc="13" el="154" ec="55" bec="0" bev="0" fileid="4" />
                <SequencePoint vc="0" uspid="271" ordinal="97" offset="1734" sl="155" sc="13" el="155" ec="61" bec="0" bev="0" fileid="4" />
                <SequencePoint vc="0" uspid="272" ordinal="98" offset="1751" sl="156" sc="13" el="156" ec="74" bec="0" bev="0" fileid="4" />
                <SequencePoint vc="0" uspid="273" ordinal="99" offset="1764" sl="157" sc="13" el="157" ec="111" bec="0" bev="0" fileid="4" />
                <SequencePoint vc="0" uspid="274" ordinal="100" offset="1788" sl="161" sc="13" el="161" ec="86" bec="0" bev="0" fileid="4" />
                <SequencePoint vc="0" uspid="275" ordinal="101" offset="1805" sl="162" sc="13" el="162" ec="179" bec="0" bev="0" fileid="4" />
                <SequencePoint vc="0" uspid="276" ordinal="102" offset="1835" sl="163" sc="13" el="163" ec="82" bec="0" bev="0" fileid="4" />
                <SequencePoint vc="0" uspid="277" ordinal="103" offset="1859" sl="164" sc="13" el="164" ec="65" bec="0" bev="0" fileid="4" />
                <SequencePoint vc="0" uspid="278" ordinal="104" offset="1876" sl="165" sc="13" el="165" ec="77" bec="0" bev="0" fileid="4" />
                <SequencePoint vc="0" uspid="279" ordinal="105" offset="1897" sl="166" sc="13" el="166" ec="50" bec="0" bev="0" fileid="4" />
                <SequencePoint vc="0" uspid="280" ordinal="106" offset="1910" sl="167" sc="13" el="167" ec="56" bec="0" bev="0" fileid="4" />
                <SequencePoint vc="0" uspid="281" ordinal="107" offset="1927" sl="168" sc="13" el="168" ec="69" bec="0" bev="0" fileid="4" />
                <SequencePoint vc="0" uspid="282" ordinal="108" offset="1940" sl="169" sc="13" el="169" ec="101" bec="0" bev="0" fileid="4" />
                <SequencePoint vc="0" uspid="283" ordinal="109" offset="1964" sl="173" sc="13" el="173" ec="76" bec="0" bev="0" fileid="4" />
                <SequencePoint vc="0" uspid="284" ordinal="110" offset="1981" sl="174" sc="13" el="174" ec="180" bec="0" bev="0" fileid="4" />
                <SequencePoint vc="0" uspid="285" ordinal="111" offset="2011" sl="175" sc="13" el="175" ec="83" bec="0" bev="0" fileid="4" />
                <SequencePoint vc="0" uspid="286" ordinal="112" offset="2035" sl="176" sc="13" el="176" ec="67" bec="0" bev="0" fileid="4" />
                <SequencePoint vc="0" uspid="287" ordinal="113" offset="2052" sl="177" sc="13" el="177" ec="78" bec="0" bev="0" fileid="4" />
                <SequencePoint vc="0" uspid="288" ordinal="114" offset="2073" sl="178" sc="13" el="178" ec="51" bec="0" bev="0" fileid="4" />
                <SequencePoint vc="0" uspid="289" ordinal="115" offset="2086" sl="179" sc="13" el="179" ec="58" bec="0" bev="0" fileid="4" />
                <SequencePoint vc="0" uspid="290" ordinal="116" offset="2103" sl="180" sc="13" el="180" ec="70" bec="0" bev="0" fileid="4" />
                <SequencePoint vc="0" uspid="291" ordinal="117" offset="2116" sl="181" sc="13" el="181" ec="103" bec="0" bev="0" fileid="4" />
                <SequencePoint vc="0" uspid="292" ordinal="118" offset="2140" sl="185" sc="13" el="185" ec="74" bec="0" bev="0" fileid="4" />
                <SequencePoint vc="0" uspid="293" ordinal="119" offset="2157" sl="186" sc="13" el="186" ec="176" bec="0" bev="0" fileid="4" />
                <SequencePoint vc="0" uspid="294" ordinal="120" offset="2187" sl="187" sc="13" el="187" ec="79" bec="0" bev="0" fileid="4" />
                <SequencePoint vc="0" uspid="295" ordinal="121" offset="2211" sl="188" sc="13" el="188" ec="59" bec="0" bev="0" fileid="4" />
                <SequencePoint vc="0" uspid="296" ordinal="122" offset="2228" sl="189" sc="13" el="189" ec="74" bec="0" bev="0" fileid="4" />
                <SequencePoint vc="0" uspid="297" ordinal="123" offset="2249" sl="190" sc="13" el="190" ec="47" bec="0" bev="0" fileid="4" />
                <SequencePoint vc="0" uspid="298" ordinal="124" offset="2262" sl="191" sc="13" el="191" ec="50" bec="0" bev="0" fileid="4" />
                <SequencePoint vc="0" uspid="299" ordinal="125" offset="2279" sl="192" sc="13" el="192" ec="66" bec="0" bev="0" fileid="4" />
                <SequencePoint vc="0" uspid="300" ordinal="126" offset="2292" sl="193" sc="13" el="193" ec="95" bec="0" bev="0" fileid="4" />
                <SequencePoint vc="0" uspid="301" ordinal="127" offset="2316" sl="197" sc="13" el="197" ec="72" bec="0" bev="0" fileid="4" />
                <SequencePoint vc="0" uspid="302" ordinal="128" offset="2333" sl="198" sc="13" el="198" ec="177" bec="0" bev="0" fileid="4" />
                <SequencePoint vc="0" uspid="303" ordinal="129" offset="2363" sl="199" sc="13" el="199" ec="80" bec="0" bev="0" fileid="4" />
                <SequencePoint vc="0" uspid="304" ordinal="130" offset="2387" sl="200" sc="13" el="200" ec="61" bec="0" bev="0" fileid="4" />
                <SequencePoint vc="0" uspid="305" ordinal="131" offset="2404" sl="201" sc="13" el="201" ec="75" bec="0" bev="0" fileid="4" />
                <SequencePoint vc="0" uspid="306" ordinal="132" offset="2425" sl="202" sc="13" el="202" ec="48" bec="0" bev="0" fileid="4" />
                <SequencePoint vc="0" uspid="307" ordinal="133" offset="2438" sl="203" sc="13" el="203" ec="52" bec="0" bev="0" fileid="4" />
                <SequencePoint vc="0" uspid="308" ordinal="134" offset="2455" sl="204" sc="13" el="204" ec="67" bec="0" bev="0" fileid="4" />
                <SequencePoint vc="0" uspid="309" ordinal="135" offset="2468" sl="205" sc="13" el="205" ec="97" bec="0" bev="0" fileid="4" />
                <SequencePoint vc="0" uspid="310" ordinal="136" offset="2492" sl="209" sc="13" el="209" ec="47" bec="0" bev="0" fileid="4" />
                <SequencePoint vc="0" uspid="311" ordinal="137" offset="2505" sl="210" sc="13" el="210" ec="239" bec="0" bev="0" fileid="4" />
                <SequencePoint vc="0" uspid="312" ordinal="138" offset="2535" sl="211" sc="13" el="211" ec="70" bec="0" bev="0" fileid="4" />
                <SequencePoint vc="0" uspid="313" ordinal="139" offset="2552" sl="212" sc="13" el="212" ec="76" bec="0" bev="0" fileid="4" />
                <SequencePoint vc="0" uspid="314" ordinal="140" offset="2573" sl="213" sc="13" el="213" ec="53" bec="0" bev="0" fileid="4" />
                <SequencePoint vc="0" uspid="315" ordinal="141" offset="2590" sl="214" sc="13" el="214" ec="71" bec="0" bev="0" fileid="4" />
                <SequencePoint vc="0" uspid="316" ordinal="142" offset="2611" sl="215" sc="13" el="215" ec="44" bec="0" bev="0" fileid="4" />
                <SequencePoint vc="0" uspid="317" ordinal="143" offset="2624" sl="216" sc="13" el="216" ec="48" bec="0" bev="0" fileid="4" />
                <SequencePoint vc="0" uspid="318" ordinal="144" offset="2641" sl="220" sc="13" el="220" ec="48" bec="0" bev="0" fileid="4" />
                <SequencePoint vc="0" uspid="319" ordinal="145" offset="2654" sl="221" sc="13" el="221" ec="240" bec="0" bev="0" fileid="4" />
                <SequencePoint vc="0" uspid="320" ordinal="146" offset="2684" sl="222" sc="13" el="222" ec="78" bec="0" bev="0" fileid="4" />
                <SequencePoint vc="0" uspid="321" ordinal="147" offset="2708" sl="223" sc="13" el="223" ec="55" bec="0" bev="0" fileid="4" />
                <SequencePoint vc="0" uspid="322" ordinal="148" offset="2725" sl="224" sc="13" el="224" ec="72" bec="0" bev="0" fileid="4" />
                <SequencePoint vc="0" uspid="323" ordinal="149" offset="2749" sl="225" sc="13" el="225" ec="45" bec="0" bev="0" fileid="4" />
                <SequencePoint vc="0" uspid="324" ordinal="150" offset="2762" sl="226" sc="13" el="226" ec="50" bec="0" bev="0" fileid="4" />
                <SequencePoint vc="0" uspid="325" ordinal="151" offset="2779" sl="230" sc="13" el="230" ec="52" bec="0" bev="0" fileid="4" />
                <SequencePoint vc="0" uspid="326" ordinal="152" offset="2792" sl="231" sc="13" el="231" ec="244" bec="0" bev="0" fileid="4" />
                <SequencePoint vc="0" uspid="327" ordinal="153" offset="2822" sl="232" sc="13" el="232" ec="82" bec="0" bev="0" fileid="4" />
                <SequencePoint vc="0" uspid="328" ordinal="154" offset="2846" sl="233" sc="13" el="233" ec="63" bec="0" bev="0" fileid="4" />
                <SequencePoint vc="0" uspid="329" ordinal="155" offset="2863" sl="234" sc="13" el="234" ec="76" bec="0" bev="0" fileid="4" />
                <SequencePoint vc="0" uspid="330" ordinal="156" offset="2887" sl="235" sc="13" el="235" ec="49" bec="0" bev="0" fileid="4" />
                <SequencePoint vc="0" uspid="331" ordinal="157" offset="2900" sl="236" sc="13" el="236" ec="58" bec="0" bev="0" fileid="4" />
                <SequencePoint vc="0" uspid="332" ordinal="158" offset="2917" sl="240" sc="13" el="241" ec="42" bec="0" bev="0" fileid="4" />
                <SequencePoint vc="0" uspid="333" ordinal="159" offset="2949" sl="242" sc="13" el="242" ec="75" bec="0" bev="0" fileid="4" />
                <SequencePoint vc="0" uspid="334" ordinal="160" offset="2972" sl="243" sc="13" el="243" ec="53" bec="0" bev="0" fileid="4" />
                <SequencePoint vc="0" uspid="335" ordinal="161" offset="2989" sl="244" sc="13" el="244" ec="71" bec="0" bev="0" fileid="4" />
                <SequencePoint vc="0" uspid="336" ordinal="162" offset="3013" sl="245" sc="13" el="245" ec="44" bec="0" bev="0" fileid="4" />
                <SequencePoint vc="0" uspid="337" ordinal="163" offset="3026" sl="246" sc="13" el="246" ec="53" bec="0" bev="0" fileid="4" />
                <SequencePoint vc="0" uspid="338" ordinal="164" offset="3043" sl="250" sc="13" el="250" ec="152" bec="0" bev="0" fileid="4" />
                <SequencePoint vc="0" uspid="339" ordinal="165" offset="3071" sl="251" sc="13" el="251" ec="232" bec="0" bev="0" fileid="4" />
                <SequencePoint vc="0" uspid="340" ordinal="166" offset="3101" sl="252" sc="13" el="252" ec="71" bec="0" bev="0" fileid="4" />
                <SequencePoint vc="0" uspid="341" ordinal="167" offset="3118" sl="253" sc="13" el="253" ec="80" bec="0" bev="0" fileid="4" />
                <SequencePoint vc="0" uspid="342" ordinal="168" offset="3142" sl="254" sc="13" el="254" ec="127" bec="0" bev="0" fileid="4" />
                <SequencePoint vc="0" uspid="343" ordinal="169" offset="3159" sl="255" sc="13" el="255" ec="92" bec="0" bev="0" fileid="4" />
                <SequencePoint vc="0" uspid="344" ordinal="170" offset="3172" sl="256" sc="13" el="256" ec="115" bec="0" bev="0" fileid="4" />
                <SequencePoint vc="0" uspid="345" ordinal="171" offset="3185" sl="260" sc="13" el="260" ec="74" bec="0" bev="0" fileid="4" />
                <SequencePoint vc="0" uspid="346" ordinal="172" offset="3207" sl="261" sc="13" el="261" ec="74" bec="0" bev="0" fileid="4" />
                <SequencePoint vc="0" uspid="347" ordinal="173" offset="3215" sl="262" sc="13" el="262" ec="68" bec="0" bev="0" fileid="4" />
                <SequencePoint vc="0" uspid="348" ordinal="174" offset="3227" sl="263" sc="13" el="263" ec="65" bec="0" bev="0" fileid="4" />
                <SequencePoint vc="0" uspid="349" ordinal="175" offset="3249" sl="264" sc="13" el="264" ec="50" bec="0" bev="0" fileid="4" />
                <SequencePoint vc="0" uspid="350" ordinal="176" offset="3267" sl="265" sc="13" el="265" ec="55" bec="0" bev="0" fileid="4" />
                <SequencePoint vc="0" uspid="351" ordinal="177" offset="3285" sl="266" sc="13" el="266" ec="51" bec="0" bev="0" fileid="4" />
                <SequencePoint vc="0" uspid="352" ordinal="178" offset="3303" sl="267" sc="13" el="267" ec="50" bec="0" bev="0" fileid="4" />
                <SequencePoint vc="0" uspid="353" ordinal="179" offset="3321" sl="268" sc="13" el="268" ec="59" bec="0" bev="0" fileid="4" />
                <SequencePoint vc="0" uspid="354" ordinal="180" offset="3339" sl="269" sc="13" el="269" ec="55" bec="0" bev="0" fileid="4" />
                <SequencePoint vc="0" uspid="355" ordinal="181" offset="3357" sl="270" sc="13" el="270" ec="58" bec="0" bev="0" fileid="4" />
                <SequencePoint vc="0" uspid="356" ordinal="182" offset="3375" sl="271" sc="13" el="271" ec="54" bec="0" bev="0" fileid="4" />
                <SequencePoint vc="0" uspid="357" ordinal="183" offset="3393" sl="272" sc="13" el="272" ec="62" bec="0" bev="0" fileid="4" />
                <SequencePoint vc="0" uspid="358" ordinal="184" offset="3411" sl="273" sc="13" el="273" ec="54" bec="0" bev="0" fileid="4" />
                <SequencePoint vc="0" uspid="359" ordinal="185" offset="3429" sl="274" sc="13" el="274" ec="61" bec="0" bev="0" fileid="4" />
                <SequencePoint vc="0" uspid="360" ordinal="186" offset="3447" sl="275" sc="13" el="275" ec="58" bec="0" bev="0" fileid="4" />
                <SequencePoint vc="0" uspid="361" ordinal="187" offset="3465" sl="276" sc="13" el="276" ec="57" bec="0" bev="0" fileid="4" />
                <SequencePoint vc="0" uspid="362" ordinal="188" offset="3483" sl="277" sc="13" el="277" ec="53" bec="0" bev="0" fileid="4" />
                <SequencePoint vc="0" uspid="363" ordinal="189" offset="3501" sl="278" sc="13" el="278" ec="57" bec="0" bev="0" fileid="4" />
                <SequencePoint vc="0" uspid="364" ordinal="190" offset="3519" sl="279" sc="13" el="279" ec="48" bec="0" bev="0" fileid="4" />
                <SequencePoint vc="0" uspid="365" ordinal="191" offset="3537" sl="280" sc="13" el="280" ec="56" bec="0" bev="0" fileid="4" />
                <SequencePoint vc="0" uspid="366" ordinal="192" offset="3555" sl="281" sc="13" el="281" ec="38" bec="0" bev="0" fileid="4" />
                <SequencePoint vc="0" uspid="367" ordinal="193" offset="3563" sl="282" sc="13" el="282" ec="41" bec="0" bev="0" fileid="4" />
                <SequencePoint vc="0" uspid="368" ordinal="194" offset="3575" sl="283" sc="13" el="283" ec="86" bec="0" bev="0" fileid="4" />
                <SequencePoint vc="0" uspid="369" ordinal="195" offset="3583" sl="284" sc="13" el="284" ec="66" bec="0" bev="0" fileid="4" />
                <SequencePoint vc="0" uspid="370" ordinal="196" offset="3595" sl="285" sc="13" el="285" ec="51" bec="0" bev="0" fileid="4" />
                <SequencePoint vc="0" uspid="371" ordinal="197" offset="3608" sl="286" sc="13" el="286" ec="47" bec="0" bev="0" fileid="4" />
                <SequencePoint vc="0" uspid="372" ordinal="198" offset="3620" sl="287" sc="13" el="287" ec="38" bec="0" bev="0" fileid="4" />
                <SequencePoint vc="0" uspid="373" ordinal="199" offset="3628" sl="288" sc="13" el="288" ec="34" bec="0" bev="0" fileid="4" />
                <SequencePoint vc="0" uspid="374" ordinal="200" offset="3635" sl="290" sc="9" el="290" ec="10" bec="0" bev="0" fileid="4" />
              </SequencePoints>
              <BranchPoints />
              <MethodPoint xsi:type="SequencePoint" vc="0" uspid="174" ordinal="0" offset="0" sl="31" sc="9" el="31" ec="10" bec="0" bev="0" fileid="4" />
            </Method>
          </Methods>
        </Class>
        <Class>
          <Summary numSequencePoints="171" visitedSequencePoints="0" numBranchPoints="12" visitedBranchPoints="0" sequenceCoverage="0" branchCoverage="0" maxCyclomaticComplexity="3" minCyclomaticComplexity="1" maxCrapScore="12" minCrapScore="2" visitedClasses="0" numClasses="1" visitedMethods="0" numMethods="6" />
          <FullName>eAgenda.Forms.ContatoModule.TelaAdicionarContato</FullName>
          <Methods>
            <Method visited="false" cyclomaticComplexity="1" nPathComplexity="0" sequenceCoverage="0" branchCoverage="0" crapScore="2" isConstructor="true" isStatic="false" isGetter="false" isSetter="false">
              <Summary numSequencePoints="6" visitedSequencePoints="0" numBranchPoints="1" visitedBranchPoints="0" sequenceCoverage="0" branchCoverage="0" maxCyclomaticComplexity="1" minCyclomaticComplexity="1" maxCrapScore="2" minCrapScore="2" visitedClasses="0" numClasses="0" visitedMethods="0" numMethods="1" />
              <MetadataToken>100663326</MetadataToken>
              <Name>System.Void eAgenda.Forms.ContatoModule.TelaAdicionarContato::.ctor()</Name>
              <FileRef uid="6" />
              <SequencePoints>
                <SequencePoint vc="0" uspid="375" ordinal="0" offset="0" sl="12" sc="9" el="12" ec="69" bec="0" bev="0" fileid="6" />
                <SequencePoint vc="0" uspid="376" ordinal="1" offset="11" sl="9" sc="9" el="9" ec="68" bec="0" bev="0" fileid="7" />
                <SequencePoint vc="0" uspid="377" ordinal="2" offset="18" sl="13" sc="9" el="13" ec="38" bec="0" bev="0" fileid="6" />
                <SequencePoint vc="0" uspid="378" ordinal="3" offset="25" sl="14" sc="9" el="14" ec="10" bec="0" bev="0" fileid="6" />
                <SequencePoint vc="0" uspid="379" ordinal="4" offset="26" sl="15" sc="13" el="15" ec="35" bec="0" bev="0" fileid="6" />
                <SequencePoint vc="0" uspid="380" ordinal="5" offset="33" sl="16" sc="9" el="16" ec="10" bec="0" bev="0" fileid="6" />
              </SequencePoints>
              <BranchPoints />
[...]
                <SequencePoint vc="0" uspid="650" ordinal="47" offset="723" sl="90" sc="13" el="90" ec="80" bec="0" bev="0" fileid="9" />
                <SequencePoint vc="0" uspid="651" ordinal="48" offset="747" sl="91" sc="13" el="91" ec="54" bec="0" bev="0" fileid="9" />
                <SequencePoint vc="0" uspid="652" ordinal="49" offset="761" sl="92" sc="13" el="92" ec="69" bec="0" bev="0" fileid="9" />
                <SequencePoint vc="0" uspid="653" ordinal="50" offset="778" sl="93" sc="13" el="93" ec="71" bec="0" bev="0" fileid="9" />
                <SequencePoint vc="0" uspid="654" ordinal="51" offset="791" sl="97" sc="13" el="97" ec="45" bec="0" bev="0" fileid="9" />
                <SequencePoint vc="0" uspid="655" ordinal="52" offset="804" sl="98" sc="13" el="98" ec="174" bec="0" bev="0" fileid="9" />
                <SequencePoint vc="0" uspid="656" ordinal="53" offset="834" sl="99" sc="13" el="99" ec="75" bec="0" bev="0" fileid="9" />
                <SequencePoint vc="0" uspid="657" ordinal="54" offset="861" sl="100" sc="13" el="100" ec="49" bec="0" bev="0" fileid="9" />
                <SequencePoint vc="0" uspid="658" ordinal="55" offset="878" sl="101" sc="13" el="101" ec="68" bec="0" bev="0" fileid="9" />
                <SequencePoint vc="0" uspid="659" ordinal="56" offset="899" sl="102" sc="13" el="102" ec="43" bec="0" bev="0" fileid="9" />
                <SequencePoint vc="0" uspid="660" ordinal="57" offset="913" sl="103" sc="13" el="103" ec="45" bec="0" bev="0" fileid="9" />
                <SequencePoint vc="0" uspid="661" ordinal="58" offset="930" sl="104" sc="13" el="104" ec="60" bec="0" bev="0" fileid="9" />
                <SequencePoint vc="0" uspid="662" ordinal="59" offset="943" sl="108" sc="13" el="108" ec="49" bec="0" bev="0" fileid="9" />
                <SequencePoint vc="0" uspid="663" ordinal="60" offset="956" sl="109" sc="13" el="109" ec="48" bec="0" bev="0" fileid="9" />
                <SequencePoint vc="0" uspid="664" ordinal="61" offset="969" sl="110" sc="13" el="110" ec="178" bec="0" bev="0" fileid="9" />
                <SequencePoint vc="0" uspid="665" ordinal="62" offset="999" sl="111" sc="13" el="111" ec="79" bec="0" bev="0" fileid="9" />
                <SequencePoint vc="0" uspid="666" ordinal="63" offset="1026" sl="112" sc="13" el="112" ec="57" bec="0" bev="0" fileid="9" />
                <SequencePoint vc="0" uspid="667" ordinal="64" offset="1043" sl="113" sc="13" el="113" ec="72" bec="0" bev="0" fileid="9" />
                <SequencePoint vc="0" uspid="668" ordinal="65" offset="1064" sl="114" sc="13" el="114" ec="47" bec="0" bev="0" fileid="9" />
                <SequencePoint vc="0" uspid="669" ordinal="66" offset="1078" sl="115" sc="13" el="115" ec="48" bec="0" bev="0" fileid="9" />
                <SequencePoint vc="0" uspid="670" ordinal="67" offset="1091" sl="116" sc="13" el="116" ec="53" bec="0" bev="0" fileid="9" />
                <SequencePoint vc="0" uspid="671" ordinal="68" offset="1108" sl="117" sc="13" el="117" ec="64" bec="0" bev="0" fileid="9" />
                <SequencePoint vc="0" uspid="672" ordinal="69" offset="1121" sl="118" sc="13" el="118" ec="111" bec="0" bev="0" fileid="9" />
                <SequencePoint vc="0" uspid="673" ordinal="70" offset="1145" sl="122" sc="13" el="122" ec="94" bec="0" bev="0" fileid="9" />
                <SequencePoint vc="0" uspid="674" ordinal="71" offset="1158" sl="123" sc="13" el="123" ec="84" bec="0" bev="0" fileid="9" />
                <SequencePoint vc="0" uspid="675" ordinal="72" offset="1185" sl="124" sc="13" el="124" ec="67" bec="0" bev="0" fileid="9" />
                <SequencePoint vc="0" uspid="676" ordinal="73" offset="1202" sl="125" sc="13" el="125" ec="77" bec="0" bev="0" fileid="9" />
                <SequencePoint vc="0" uspid="677" ordinal="74" offset="1223" sl="126" sc="13" el="126" ec="52" bec="0" bev="0" fileid="9" />
                <SequencePoint vc="0" uspid="678" ordinal="75" offset="1237" sl="130" sc="13" el="130" ec="41" bec="0" bev="0" fileid="9" />
                <SequencePoint vc="0" uspid="679" ordinal="76" offset="1250" sl="131" sc="13" el="131" ec="166" bec="0" bev="0" fileid="9" />
                <SequencePoint vc="0" uspid="680" ordinal="77" offset="1280" sl="132" sc="13" el="132" ec="71" bec="0" bev="0" fileid="9" />
                <SequencePoint vc="0" uspid="681" ordinal="78" offset="1307" sl="133" sc="13" el="133" ec="41" bec="0" bev="0" fileid="9" />
                <SequencePoint vc="0" uspid="682" ordinal="79" offset="1324" sl="134" sc="13" el="134" ec="64" bec="0" bev="0" fileid="9" />
                <SequencePoint vc="0" uspid="683" ordinal="80" offset="1345" sl="135" sc="13" el="135" ec="39" bec="0" bev="0" fileid="9" />
                <SequencePoint vc="0" uspid="684" ordinal="81" offset="1359" sl="136" sc="13" el="136" ec="45" bec="0" bev="0" fileid="9" />
                <SequencePoint vc="0" uspid="685" ordinal="82" offset="1376" sl="140" sc="13" el="140" ec="91" bec="0" bev="0" fileid="9" />
                <SequencePoint vc="0" uspid="686" ordinal="83" offset="1389" sl="141" sc="13" el="141" ec="81" bec="0" bev="0" fileid="9" />
                <SequencePoint vc="0" uspid="687" ordinal="84" offset="1416" sl="142" sc="13" el="142" ec="61" bec="0" bev="0" fileid="9" />
                <SequencePoint vc="0" uspid="688" ordinal="85" offset="1433" sl="143" sc="13" el="143" ec="74" bec="0" bev="0" fileid="9" />
                <SequencePoint vc="0" uspid="689" ordinal="86" offset="1454" sl="144" sc="13" el="144" ec="49" bec="0" bev="0" fileid="9" />
                <SequencePoint vc="0" uspid="690" ordinal="87" offset="1468" sl="148" sc="13" el="148" ec="48" bec="0" bev="0" fileid="9" />
                <SequencePoint vc="0" uspid="691" ordinal="88" offset="1481" sl="149" sc="13" el="149" ec="173" bec="0" bev="0" fileid="9" />
                <SequencePoint vc="0" uspid="692" ordinal="89" offset="1511" sl="150" sc="13" el="150" ec="78" bec="0" bev="0" fileid="9" />
                <SequencePoint vc="0" uspid="693" ordinal="90" offset="1538" sl="151" sc="13" el="151" ec="55" bec="0" bev="0" fileid="9" />
                <SequencePoint vc="0" uspid="694" ordinal="91" offset="1555" sl="152" sc="13" el="152" ec="72" bec="0" bev="0" fileid="9" />
                <SequencePoint vc="0" uspid="695" ordinal="92" offset="1576" sl="153" sc="13" el="153" ec="46" bec="0" bev="0" fileid="9" />
                <SequencePoint vc="0" uspid="696" ordinal="93" offset="1590" sl="154" sc="13" el="154" ec="56" bec="0" bev="0" fileid="9" />
                <SequencePoint vc="0" uspid="697" ordinal="94" offset="1607" sl="158" sc="13" el="158" ec="47" bec="0" bev="0" fileid="9" />
                <SequencePoint vc="0" uspid="698" ordinal="95" offset="1624" sl="159" sc="13" el="159" ec="173" bec="0" bev="0" fileid="9" />
                <SequencePoint vc="0" uspid="699" ordinal="96" offset="1654" sl="160" sc="13" el="160" ec="74" bec="0" bev="0" fileid="9" />
                <SequencePoint vc="0" uspid="700" ordinal="97" offset="1678" sl="161" sc="13" el="161" ec="49" bec="0" bev="0" fileid="9" />
                <SequencePoint vc="0" uspid="701" ordinal="98" offset="1695" sl="162" sc="13" el="162" ec="69" bec="0" bev="0" fileid="9" />
                <SequencePoint vc="0" uspid="702" ordinal="99" offset="1719" sl="163" sc="13" el="163" ec="43" bec="0" bev="0" fileid="9" />
                <SequencePoint vc="0" uspid="703" ordinal="100" offset="1733" sl="167" sc="13" el="167" ec="53" bec="0" bev="0" fileid="9" />
                <SequencePoint vc="0" uspid="704" ordinal="101" offset="1746" sl="168" sc="13" el="168" ec="176" bec="0" bev="0" fileid="9" />
                <SequencePoint vc="0" uspid="705" ordinal="102" offset="1776" sl="169" sc="13" el="169" ec="82" bec="0" bev="0" fileid="9" />
                <SequencePoint vc="0" uspid="706" ordinal="103" offset="1800" sl="170" sc="13" el="170" ec="65" bec="0" bev="0" fileid="9" />
                <SequencePoint vc="0" uspid="707" ordinal="104" offset="1817" sl="171" sc="13" el="171" ec="77" bec="0" bev="0" fileid="9" />
                <SequencePoint vc="0" uspid="708" ordinal="105" offset="1841" sl="172" sc="13" el="172" ec="51" bec="0" bev="0" fileid="9" />
                <SequencePoint vc="0" uspid="709" ordinal="106" offset="1855" sl="173" sc="13" el="173" ec="66" bec="0" bev="0" fileid="9" />
                <SequencePoint vc="0" uspid="710" ordinal="107" offset="1872" sl="177" sc="13" el="177" ec="183" bec="0" bev="0" fileid="9" />
                <SequencePoint vc="0" uspid="711" ordinal="108" offset="1902" sl="178" sc="13" el="178" ec="83" bec="0" bev="0" fileid="9" />
                <SequencePoint vc="0" uspid="712" ordinal="109" offset="1926" sl="179" sc="13" el="179" ec="67" bec="0" bev="0" fileid="9" />
                <SequencePoint vc="0" uspid="713" ordinal="110" offset="1943" sl="180" sc="13" el="180" ec="78" bec="0" bev="0" fileid="9" />
                <SequencePoint vc="0" uspid="714" ordinal="111" offset="1967" sl="181" sc="13" el="181" ec="51" bec="0" bev="0" fileid="9" />
                <SequencePoint vc="0" uspid="715" ordinal="112" offset="1980" sl="185" sc="13" el="185" ec="53" bec="0" bev="0" fileid="9" />
                <SequencePoint vc="0" uspid="716" ordinal="113" offset="1993" sl="186" sc="13" el="186" ec="176" bec="0" bev="0" fileid="9" />
                <SequencePoint vc="0" uspid="717" ordinal="114" offset="2023" sl="187" sc="13" el="187" ec="82" bec="0" bev="0" fileid="9" />
                <SequencePoint vc="0" uspid="718" ordinal="115" offset="2047" sl="188" sc="13" el="188" ec="65" bec="0" bev="0" fileid="9" />
                <SequencePoint vc="0" uspid="719" ordinal="116" offset="2064" sl="189" sc="13" el="189" ec="76" bec="0" bev="0" fileid="9" />
                <SequencePoint vc="0" uspid="720" ordinal="117" offset="2085" sl="190" sc="13" el="190" ec="50" bec="0" bev="0" fileid="9" />
                <SequencePoint vc="0" uspid="721" ordinal="118" offset="2098" sl="191" sc="13" el="191" ec="53" bec="0" bev="0" fileid="9" />
                <SequencePoint vc="0" uspid="722" ordinal="119" offset="2115" sl="195" sc="13" el="195" ec="167" bec="0" bev="0" fileid="9" />
                <SequencePoint vc="0" uspid="723" ordinal="120" offset="2145" sl="196" sc="13" el="196" ec="74" bec="0" bev="0" fileid="9" />
                <SequencePoint vc="0" uspid="724" ordinal="121" offset="2172" sl="197" sc="13" el="197" ec="47" bec="0" bev="0" fileid="9" />
                <SequencePoint vc="0" uspid="725" ordinal="122" offset="2189" sl="198" sc="13" el="198" ec="68" bec="0" bev="0" fileid="9" />
                <SequencePoint vc="0" uspid="726" ordinal="123" offset="2210" sl="199" sc="13" el="199" ec="41" bec="0" bev="0" fileid="9" />
                <SequencePoint vc="0" uspid="727" ordinal="124" offset="2223" sl="200" sc="13" el="200" ec="44" bec="0" bev="0" fileid="9" />
                <SequencePoint vc="0" uspid="728" ordinal="125" offset="2240" sl="201" sc="13" el="201" ec="59" bec="0" bev="0" fileid="9" />
                <SequencePoint vc="0" uspid="729" ordinal="126" offset="2253" sl="202" sc="13" el="202" ec="83" bec="0" bev="0" fileid="9" />
                <SequencePoint vc="0" uspid="730" ordinal="127" offset="2277" sl="206" sc="13" el="206" ec="169" bec="0" bev="0" fileid="9" />
                <SequencePoint vc="0" uspid="731" ordinal="128" offset="2307" sl="207" sc="13" el="207" ec="76" bec="0" bev="0" fileid="9" />
                <SequencePoint vc="0" uspid="732" ordinal="129" offset="2334" sl="208" sc="13" el="208" ec="51" bec="0" bev="0" fileid="9" />
                <SequencePoint vc="0" uspid="733" ordinal="130" offset="2351" sl="209" sc="13" el="209" ec="70" bec="0" bev="0" fileid="9" />
                <SequencePoint vc="0" uspid="734" ordinal="131" offset="2372" sl="210" sc="13" el="210" ec="43" bec="0" bev="0" fileid="9" />
                <SequencePoint vc="0" uspid="735" ordinal="132" offset="2385" sl="211" sc="13" el="211" ec="48" bec="0" bev="0" fileid="9" />
                <SequencePoint vc="0" uspid="736" ordinal="133" offset="2402" sl="212" sc="13" el="212" ec="61" bec="0" bev="0" fileid="9" />
                <SequencePoint vc="0" uspid="737" ordinal="134" offset="2415" sl="213" sc="13" el="213" ec="87" bec="0" bev="0" fileid="9" />
                <SequencePoint vc="0" uspid="738" ordinal="135" offset="2439" sl="217" sc="13" el="217" ec="170" bec="0" bev="0" fileid="9" />
                <SequencePoint vc="0" uspid="739" ordinal="136" offset="2469" sl="218" sc="13" el="218" ec="77" bec="0" bev="0" fileid="9" />
                <SequencePoint vc="0" uspid="740" ordinal="137" offset="2496" sl="219" sc="13" el="219" ec="53" bec="0" bev="0" fileid="9" />
                <SequencePoint vc="0" uspid="741" ordinal="138" offset="2513" sl="220" sc="13" el="220" ec="71" bec="0" bev="0" fileid="9" />
                <SequencePoint vc="0" uspid="742" ordinal="139" offset="2534" sl="221" sc="13" el="221" ec="44" bec="0" bev="0" fileid="9" />
                <SequencePoint vc="0" uspid="743" ordinal="140" offset="2547" sl="222" sc="13" el="222" ec="50" bec="0" bev="0" fileid="9" />
                <SequencePoint vc="0" uspid="744" ordinal="141" offset="2564" sl="223" sc="13" el="223" ec="62" bec="0" bev="0" fileid="9" />
                <SequencePoint vc="0" uspid="745" ordinal="142" offset="2577" sl="224" sc="13" el="224" ec="89" bec="0" bev="0" fileid="9" />
                <SequencePoint vc="0" uspid="746" ordinal="143" offset="2601" sl="228" sc="13" el="228" ec="175" bec="0" bev="0" fileid="9" />
                <SequencePoint vc="0" uspid="747" ordinal="144" offset="2631" sl="229" sc="13" el="229" ec="75" bec="0" bev="0" fileid="9" />
                <SequencePoint vc="0" uspid="748" ordinal="145" offset="2652" sl="230" sc="13" el="230" ec="51" bec="0" bev="0" fileid="9" />
                <SequencePoint vc="0" uspid="749" ordinal="146" offset="2669" sl="231" sc="13" el="231" ec="70" bec="0" bev="0" fileid="9" />
                <SequencePoint vc="0" uspid="750" ordinal="147" offset="2693" sl="232" sc="13" el="232" ec="43" bec="0" bev="0" fileid="9" />
                <SequencePoint vc="0" uspid="751" ordinal="148" offset="2706" sl="236" sc="13" el="236" ec="45" bec="0" bev="0" fileid="9" />
                <SequencePoint vc="0" uspid="752" ordinal="149" offset="2719" sl="237" sc="13" el="237" ec="168" bec="0" bev="0" fileid="9" />
                <SequencePoint vc="0" uspid="753" ordinal="150" offset="2749" sl="238" sc="13" el="238" ec="73" bec="0" bev="0" fileid="9" />
                <SequencePoint vc="0" uspid="754" ordinal="151" offset="2770" sl="239" sc="13" el="239" ec="49" bec="0" bev="0" fileid="9" />
                <SequencePoint vc="0" uspid="755" ordinal="152" offset="2787" sl="240" sc="13" el="240" ec="68" bec="0" bev="0" fileid="9" />
                <SequencePoint vc="0" uspid="756" ordinal="153" offset="2808" sl="241" sc="13" el="241" ec="42" bec="0" bev="0" fileid="9" />
                <SequencePoint vc="0" uspid="757" ordinal="154" offset="2821" sl="242" sc="13" el="242" ec="46" bec="0" bev="0" fileid="9" />
                <SequencePoint vc="0" uspid="758" ordinal="155" offset="2838" sl="246" sc="13" el="246" ec="74" bec="0" bev="0" fileid="9" />
                <SequencePoint vc="0" uspid="759" ordinal="156" offset="2860" sl="247" sc="13" el="247" ec="74" bec="0" bev="0" fileid="9" />
                <SequencePoint vc="0" uspid="760" ordinal="157" offset="2868" sl="248" sc="13" el="248" ec="72" bec="0" bev="0" fileid="9" />
                <SequencePoint vc="0" uspid="761" ordinal="158" offset="2880" sl="249" sc="13" el="249" ec="65" bec="0" bev="0" fileid="9" />
                <SequencePoint vc="0" uspid="762" ordinal="159" offset="2902" sl="250" sc="13" el="250" ec="48" bec="0" bev="0" fileid="9" />
                <SequencePoint vc="0" uspid="763" ordinal="160" offset="2920" sl="251" sc="13" el="251" ec="50" bec="0" bev="0" fileid="9" />
                <SequencePoint vc="0" uspid="764" ordinal="161" offset="2938" sl="252" sc="13" el="252" ec="52" bec="0" bev="0" fileid="9" />
                <SequencePoint vc="0" uspid="765" ordinal="162" offset="2956" sl="253" sc="13" el="253" ec="57" bec="0" bev="0" fileid="9" />
                <SequencePoint vc="0" uspid="766" ordinal="163" offset="2974" sl="254" sc="13" el="254" ec="56" bec="0" bev="0" fileid="9" />
                <SequencePoint vc="0" uspid="767" ordinal="164" offset="2992" sl="255" sc="13" el="255" ec="44" bec="0" bev="0" fileid="9" />
                <SequencePoint vc="0" uspid="768" ordinal="165" offset="3010" sl="256" sc="13" el="256" ec="59" bec="0" bev="0" fileid="9" />
                <SequencePoint vc="0" uspid="769" ordinal="166" offset="3028" sl="257" sc="13" el="257" ec="54" bec="0" bev="0" fileid="9" />
                <SequencePoint vc="0" uspid="770" ordinal="167" offset="3046" sl="258" sc="13" el="258" ec="56" bec="0" bev="0" fileid="9" />
                <SequencePoint vc="0" uspid="771" ordinal="168" offset="3064" sl="259" sc="13" el="259" ec="51" bec="0" bev="0" fileid="9" />
                <SequencePoint vc="0" uspid="772" ordinal="169" offset="3082" sl="260" sc="13" el="260" ec="50" bec="0" bev="0" fileid="9" />
                <SequencePoint vc="0" uspid="773" ordinal="170" offset="3100" sl="261" sc="13" el="261" ec="48" bec="0" bev="0" fileid="9" />
                <SequencePoint vc="0" uspid="774" ordinal="171" offset="3118" sl="262" sc="13" el="262" ec="49" bec="0" bev="0" fileid="9" />
                <SequencePoint vc="0" uspid="775" ordinal="172" offset="3136" sl="263" sc="13" el="263" ec="56" bec="0" bev="0" fileid="9" />
                <SequencePoint vc="0" uspid="776" ordinal="173" offset="3154" sl="264" sc="13" el="264" ec="47" bec="0" bev="0" fileid="9" />
                <SequencePoint vc="0" uspid="777" ordinal="174" offset="3172" sl="265" sc="13" el="265" ec="49" bec="0" bev="0" fileid="9" />
                <SequencePoint vc="0" uspid="778" ordinal="175" offset="3190" sl="266" sc="13" el="266" ec="57" bec="0" bev="0" fileid="9" />
                <SequencePoint vc="0" uspid="779" ordinal="176" offset="3208" sl="267" sc="13" el="267" ec="48" bec="0" bev="0" fileid="9" />
                <SequencePoint vc="0" uspid="780" ordinal="177" offset="3226" sl="268" sc="13" el="268" ec="56" bec="0" bev="0" fileid="9" />
                <SequencePoint vc="0" uspid="781" ordinal="178" offset="3244" sl="269" sc="13" el="269" ec="38" bec="0" bev="0" fileid="9" />
                <SequencePoint vc="0" uspid="782" ordinal="179" offset="3252" sl="270" sc="13" el="270" ec="52" bec="0" bev="0" fileid="9" />
                <SequencePoint vc="0" uspid="783" ordinal="180" offset="3264" sl="271" sc="13" el="271" ec="59" bec="0" bev="0" fileid="9" />
                <SequencePoint vc="0" uspid="784" ordinal="181" offset="3276" sl="272" sc="13" el="272" ec="93" bec="0" bev="0" fileid="9" />
                <SequencePoint vc="0" uspid="785" ordinal="182" offset="3288" sl="273" sc="13" el="273" ec="38" bec="0" bev="0" fileid="9" />
                <SequencePoint vc="0" uspid="786" ordinal="183" offset="3296" sl="274" sc="13" el="274" ec="34" bec="0" bev="0" fileid="9" />
                <SequencePoint vc="0" uspid="787" ordinal="184" offset="3303" sl="276" sc="9" el="276" ec="10" bec="0" bev="0" fileid="9" />
              </SequencePoints>
              <BranchPoints />
              <MethodPoint xsi:type="SequencePoint" vc="0" uspid="603" ordinal="0" offset="0" sl="31" sc="9" el="31" ec="10" bec="0" bev="0" fileid="9" />
            </Method>
          </Methods>
        </Class>
      </Classes>
    </Module>
  </Modules>
</CoverageSession>